#
# There is insufficient memory for the Java Runtime Environment to continue.
# Native memory allocation (malloc) failed to allocate 992976 bytes. Error detail: Chunk::new
# Possible reasons:
#   The system is out of physical RAM or swap space
#   This process is running with CompressedOops enabled, and the Java Heap may be blocking the growth of the native heap
# Possible solutions:
#   Reduce memory load on the system
#   Increase physical memory or swap space
#   Check if swap backing store is full
#   Decrease Java heap size (-Xmx/-Xms)
#   Decrease number of Java threads
#   Decrease Java thread stack sizes (-Xss)
#   Set larger code cache with -XX:ReservedCodeCacheSize=
#   JVM is running with Unscaled Compressed Oops mode in which the Java heap is
#     placed in the first 4GB address space. The Java Heap base address is the
#     maximum limit for the native heap growth. Please use -XX:HeapBaseMinAddress
#     to set the Java Heap base and to place the Java Heap above 4GB virtual address.
# This output file may be truncated or incomplete.
#
#  Out of Memory Error (arena.cpp:191), pid=35324, tid=9196
#
# JRE version: OpenJDK Runtime Environment Temurin-17.0.16+8 (17.0.16+8) (build 17.0.16+8)
# Java VM: OpenJDK 64-Bit Server VM Temurin-17.0.16+8 (17.0.16+8, mixed mode, sharing, tiered, compressed oops, compressed class ptrs, g1 gc, windows-amd64)
# No core dump will be written. Minidumps are not enabled by default on client versions of Windows
#

---------------  S U M M A R Y ------------

Command Line: --add-opens=java.base/java.lang=ALL-UNNAMED --add-opens=java.base/java.lang.invoke=ALL-UNNAMED --add-opens=java.base/java.util=ALL-UNNAMED --add-opens=java.prefs/java.util.prefs=ALL-UNNAMED --add-exports=jdk.compiler/com.sun.tools.javac.api=ALL-UNNAMED --add-exports=jdk.compiler/com.sun.tools.javac.util=ALL-UNNAMED --add-opens=java.base/java.util=ALL-UNNAMED --add-opens=java.prefs/java.util.prefs=ALL-UNNAMED --add-opens=java.base/java.nio.charset=ALL-UNNAMED --add-opens=java.base/java.net=ALL-UNNAMED --add-opens=java.base/java.util.concurrent=ALL-UNNAMED --add-opens=java.base/java.util.concurrent.atomic=ALL-UNNAMED --add-opens=java.xml/javax.xml.namespace=ALL-UNNAMED -XX:MaxMetaspaceSize=512m -Xmx2048m -Dfile.encoding=windows-1252 -Duser.country=IN -Duser.language=en -Duser.variant -javaagent:C:\Users\Hp\.gradle\wrapper\dists\gradle-9.0.0-bin\d6wjpkvcgsg3oed0qlfss3wgl\gradle-9.0.0\lib\agents\gradle-instrumentation-agent-9.0.0.jar org.gradle.launcher.daemon.bootstrap.GradleDaemon 9.0.0

Host: 12th Gen Intel(R) Core(TM) i5-12450H, 12 cores, 15G,  Windows 11 , 64 bit Build 26100 (10.0.26100.7019)
Time: Mon Nov 17 21:45:25 2025 India Standard Time elapsed time: 11.523339 seconds (0d 0h 0m 11s)

---------------  T H R E A D  ---------------

Current thread (0x000001e3dfb70590):  JavaThread "C2 CompilerThread0" daemon [_thread_in_native, id=9196, stack(0x00000038e0300000,0x00000038e0400000)]


Current CompileTask:
C2:  11523 6187       4       org.objectweb.asm.ClassWriter::toByteArray (1535 bytes)

Stack: [0x00000038e0300000,0x00000038e0400000]
Native frames: (J=compiled Java code, j=interpreted, Vv=VM code, C=native code)
V  [jvm.dll+0x683169]
V  [jvm.dll+0x839ac8]
V  [jvm.dll+0x83b573]
V  [jvm.dll+0x83bbe3]
V  [jvm.dll+0x2473ff]
V  [jvm.dll+0xace94]
V  [jvm.dll+0xad52c]
V  [jvm.dll+0x365dbf]
V  [jvm.dll+0x32fff8]
V  [jvm.dll+0x32f47a]
V  [jvm.dll+0x21831f]
V  [jvm.dll+0x21775f]
V  [jvm.dll+0x1a32a0]
V  [jvm.dll+0x227b3c]
V  [jvm.dll+0x225ccb]
V  [jvm.dll+0x7ef2d8]
V  [jvm.dll+0x7e979c]
V  [jvm.dll+0x682047]
C  [ucrtbase.dll+0x37b0]
C  [KERNEL32.DLL+0x2e8d7]
C  [ntdll.dll+0x8c53c]


---------------  P R O C E S S  ---------------

Threads class SMR info:
_java_thread_list=0x000001e3ff19c4b0, length=35, elements={
0x000001e3bf220bd0, 0x000001e3dfb530b0, 0x000001e3dfb53980, 0x000001e3dfb6be60,
0x000001e3dfb6e740, 0x000001e3dfb6f010, 0x000001e3dfb6f8e0, 0x000001e3dfb70590,
0x000001e3dfb71360, 0x000001e3dfb71c70, 0x000001e3dfb3deb0, 0x000001e3dfd3cf00,
0x000001e380863640, 0x000001e3ff5e7ce0, 0x000001e381a45d50, 0x000001e3805cf0d0,
0x000001e381d675c0, 0x000001e3804e8bd0, 0x000001e3804e90e0, 0x000001e3804eb450,
0x000001e3804e86c0, 0x000001e3804eaf40, 0x000001e3804ea010, 0x000001e3804e9b00,
0x000001e3804eb960, 0x000001e3804eaa30, 0x000001e3804ea520, 0x000001e3804e81b0,
0x000001e3822dbec0, 0x000001e3822db4a0, 0x000001e3822da060, 0x000001e3822dcdf0,
0x000001e3822dc3d0, 0x000001e3822dd300, 0x000001e3822de230
}

Java Threads: ( => current thread )
  0x000001e3bf220bd0 JavaThread "main" [_thread_blocked, id=31788, stack(0x00000038df600000,0x00000038df700000)]
  0x000001e3dfb530b0 JavaThread "Reference Handler" daemon [_thread_blocked, id=34344, stack(0x00000038dfd00000,0x00000038dfe00000)]
  0x000001e3dfb53980 JavaThread "Finalizer" daemon [_thread_blocked, id=34972, stack(0x00000038dfe00000,0x00000038dff00000)]
  0x000001e3dfb6be60 JavaThread "Signal Dispatcher" daemon [_thread_blocked, id=12720, stack(0x00000038dff00000,0x00000038e0000000)]
  0x000001e3dfb6e740 JavaThread "Attach Listener" daemon [_thread_blocked, id=29316, stack(0x00000038e0000000,0x00000038e0100000)]
  0x000001e3dfb6f010 JavaThread "Service Thread" daemon [_thread_blocked, id=27260, stack(0x00000038e0100000,0x00000038e0200000)]
  0x000001e3dfb6f8e0 JavaThread "Monitor Deflation Thread" daemon [_thread_blocked, id=29660, stack(0x00000038e0200000,0x00000038e0300000)]
=>0x000001e3dfb70590 JavaThread "C2 CompilerThread0" daemon [_thread_in_native, id=9196, stack(0x00000038e0300000,0x00000038e0400000)]
  0x000001e3dfb71360 JavaThread "C1 CompilerThread0" daemon [_thread_blocked, id=32092, stack(0x00000038e0400000,0x00000038e0500000)]
  0x000001e3dfb71c70 JavaThread "Sweeper thread" daemon [_thread_blocked, id=12892, stack(0x00000038e0500000,0x00000038e0600000)]
  0x000001e3dfb3deb0 JavaThread "Common-Cleaner" daemon [_thread_blocked, id=18300, stack(0x00000038e0600000,0x00000038e0700000)]
  0x000001e3dfd3cf00 JavaThread "Notification Thread" daemon [_thread_blocked, id=976, stack(0x00000038e0700000,0x00000038e0800000)]
  0x000001e380863640 JavaThread "Daemon health stats" [_thread_blocked, id=9444, stack(0x00000038e0a00000,0x00000038e0b00000)]
  0x000001e3ff5e7ce0 JavaThread "Incoming local TCP Connector on port 63425" [_thread_in_native, id=29092, stack(0x00000038e1000000,0x00000038e1100000)]
  0x000001e381a45d50 JavaThread "Daemon periodic checks" [_thread_blocked, id=30184, stack(0x00000038e1100000,0x00000038e1200000)]
  0x000001e3805cf0d0 JavaThread "Daemon" [_thread_blocked, id=33672, stack(0x00000038e1200000,0x00000038e1300000)]
  0x000001e381d675c0 JavaThread "Handler for socket connection from /127.0.0.1:63425 to /127.0.0.1:63426" [_thread_in_native, id=32612, stack(0x00000038e1300000,0x00000038e1400000)]
  0x000001e3804e8bd0 JavaThread "Cancel handler" [_thread_blocked, id=27372, stack(0x00000038e1400000,0x00000038e1500000)]
  0x000001e3804e90e0 JavaThread "Daemon worker" [_thread_in_native, id=29852, stack(0x00000038e1500000,0x00000038e1600000)]
  0x000001e3804eb450 JavaThread "Asynchronous log dispatcher for DefaultDaemonConnection: socket connection from /127.0.0.1:63425 to /127.0.0.1:63426" [_thread_blocked, id=9356, stack(0x00000038e1600000,0x00000038e1700000)]
  0x000001e3804e86c0 JavaThread "Stdin handler" [_thread_blocked, id=18744, stack(0x00000038e1700000,0x00000038e1800000)]
  0x000001e3804eaf40 JavaThread "Daemon client event forwarder" [_thread_blocked, id=33972, stack(0x00000038e1800000,0x00000038e1900000)]
  0x000001e3804ea010 JavaThread "Cache worker for journal cache (C:\Users\Hp\.gradle\caches\journal-1)" [_thread_blocked, id=14820, stack(0x00000038e1900000,0x00000038e1a00000)]
  0x000001e3804e9b00 JavaThread "File lock request listener" [_thread_in_native, id=13736, stack(0x00000038e1a00000,0x00000038e1b00000)]
  0x000001e3804eb960 JavaThread "Cache worker for file hash cache (C:\Users\Hp\.gradle\caches\9.0.0\fileHashes)" [_thread_blocked, id=30116, stack(0x00000038e1b00000,0x00000038e1c00000)]
  0x000001e3804eaa30 JavaThread "Cache worker for file hash cache (C:\Desktop\Project\Event\GHCI_mobile\client\android\.gradle\9.0.0\fileHashes)" [_thread_blocked, id=31020, stack(0x00000038e2200000,0x00000038e2300000)]
  0x000001e3804ea520 JavaThread "Cache worker for Build Output Cleanup Cache (C:\Desktop\Project\Event\GHCI_mobile\client\android\.gradle\buildOutputCleanup)" [_thread_blocked, id=27392, stack(0x00000038e2300000,0x00000038e2400000)]
  0x000001e3804e81b0 JavaThread "File watcher server" daemon [_thread_in_native, id=35688, stack(0x00000038e2400000,0x00000038e2500000)]
  0x000001e3822dbec0 JavaThread "File watcher consumer" daemon [_thread_blocked, id=33616, stack(0x00000038e2500000,0x00000038e2600000)]
  0x000001e3822db4a0 JavaThread "Cache worker for checksums cache (C:\Desktop\Project\Event\GHCI_mobile\client\android\.gradle\9.0.0\checksums)" [_thread_blocked, id=7468, stack(0x00000038e2600000,0x00000038e2700000)]
  0x000001e3822da060 JavaThread "Cache worker for file content cache (C:\Users\Hp\.gradle\caches\9.0.0\fileContent)" [_thread_blocked, id=34444, stack(0x00000038e0900000,0x00000038e0a00000)]
  0x000001e3822dcdf0 JavaThread "Cache worker for cache directory md-supplier (C:\Users\Hp\.gradle\caches\9.0.0\md-supplier)" [_thread_blocked, id=14752, stack(0x00000038e2800000,0x00000038e2900000)]
  0x000001e3822dc3d0 JavaThread "Cache worker for cache directory md-rule (C:\Users\Hp\.gradle\caches\9.0.0\md-rule)" [_thread_blocked, id=34524, stack(0x00000038e2900000,0x00000038e2a00000)]
  0x000001e3822dd300 JavaThread "jar transforms" [_thread_blocked, id=26652, stack(0x00000038e2b00000,0x00000038e2c00000)]
  0x000001e3822de230 JavaThread "Cache worker for Build Output Cleanup Cache (C:\Desktop\Project\Event\GHCI_mobile\client\node_modules\@react-native\gradle-plugin\.gradle\buildOutputCleanup)" [_thread_blocked, id=19388, stack(0x00000038e2c00000,0x00000038e2d00000)]

Other Threads:
  0x000001e3dfb4dd90 VMThread "VM Thread" [stack: 0x00000038dfc00000,0x00000038dfd00000] [id=34600]
  0x000001e3dfcd5d70 WatcherThread [stack: 0x00000038e0800000,0x00000038e0900000] [id=14704]
  0x000001e3bf27e2a0 GCTaskThread "GC Thread#0" [stack: 0x00000038df700000,0x00000038df800000] [id=32288]
  0x000001e3ff35cc40 GCTaskThread "GC Thread#1" [stack: 0x00000038e0b00000,0x00000038e0c00000] [id=13896]
  0x000001e3ff596f70 GCTaskThread "GC Thread#2" [stack: 0x00000038e0c00000,0x00000038e0d00000] [id=30020]
  0x000001e3ff597230 GCTaskThread "GC Thread#3" [stack: 0x00000038e0d00000,0x00000038e0e00000] [id=29612]
  0x000001e3ff1760a0 GCTaskThread "GC Thread#4" [stack: 0x00000038e0e00000,0x00000038e0f00000] [id=10432]
  0x000001e3ff176360 GCTaskThread "GC Thread#5" [stack: 0x00000038e0f00000,0x00000038e1000000] [id=4412]
  0x000001e380b95030 GCTaskThread "GC Thread#6" [stack: 0x00000038e1c00000,0x00000038e1d00000] [id=27688]
  0x000001e380b94d70 GCTaskThread "GC Thread#7" [stack: 0x00000038e1d00000,0x00000038e1e00000] [id=980]
  0x000001e380b947f0 GCTaskThread "GC Thread#8" [stack: 0x00000038e1e00000,0x00000038e1f00000] [id=25236]
  0x000001e380b94270 GCTaskThread "GC Thread#9" [stack: 0x00000038e1f00000,0x00000038e2000000] [id=12096]
  0x000001e3bf28f100 ConcurrentGCThread "G1 Main Marker" [stack: 0x00000038df800000,0x00000038df900000] [id=25636]
  0x000001e3bf291710 ConcurrentGCThread "G1 Conc#0" [stack: 0x00000038df900000,0x00000038dfa00000] [id=31784]
  0x000001e380b952f0 ConcurrentGCThread "G1 Conc#1" [stack: 0x00000038e2000000,0x00000038e2100000] [id=34232]
  0x000001e380b955b0 ConcurrentGCThread "G1 Conc#2" [stack: 0x00000038e2100000,0x00000038e2200000] [id=1444]
  0x000001e3bf2ce1e0 ConcurrentGCThread "G1 Refine#0" [stack: 0x00000038dfa00000,0x00000038dfb00000] [id=34488]
  0x000001e3bf2ce9c0 ConcurrentGCThread "G1 Service" [stack: 0x00000038dfb00000,0x00000038dfc00000] [id=33764]

Threads with active compile tasks:
C2 CompilerThread0    11551 6187       4       org.objectweb.asm.ClassWriter::toByteArray (1535 bytes)

VM state: not at safepoint (normal execution)

VM Mutex/Monitor currently owned by a thread: None

Heap address: 0x0000000080000000, size: 2048 MB, Compressed Oops mode: 32-bit

CDS archive(s) mapped at: [0x000001e3e0000000-0x000001e3e0bb0000-0x000001e3e0bb0000), size 12255232, SharedBaseAddress: 0x000001e3e0000000, ArchiveRelocationMode: 1.
Compressed class space mapped at: 0x000001e3e1000000-0x000001e3fb000000, reserved size: 436207616
Narrow klass base: 0x000001e3e0000000, Narrow klass shift: 0, Narrow klass range: 0x100000000

GC Precious Log:
 CPUs: 12 total, 12 available
 Memory: 16024M
 Large Page Support: Disabled
 NUMA Support: Disabled
 Compressed Oops: Enabled (32-bit)
 Heap Region Size: 1M
 Heap Min Capacity: 8M
 Heap Initial Capacity: 252M
 Heap Max Capacity: 2G
 Pre-touch: Disabled
 Parallel Workers: 10
 Concurrent Workers: 3
 Concurrent Refinement Workers: 10
 Periodic GC: Disabled

Heap:
 garbage-first heap   total 315392K, used 124391K [0x0000000080000000, 0x0000000100000000)
  region size 1024K, 84 young (86016K), 12 survivors (12288K)
 Metaspace       used 44759K, committed 45376K, reserved 491520K
  class space    used 6254K, committed 6528K, reserved 425984K

Heap Regions: E=young(eden), S=young(survivor), O=old, HS=humongous(starts), HC=humongous(continues), CS=collection set, F=free, OA=open archive, CA=closed archive, TAMS=top-at-mark-start (previous, next)
|   0|0x0000000080000000, 0x0000000080100000, 0x0000000080100000|100%|HS|  |TAMS 0x0000000080100000, 0x0000000080000000| Complete 
|   1|0x0000000080100000, 0x0000000080200000, 0x0000000080200000|100%|HC|  |TAMS 0x0000000080200000, 0x0000000080100000| Complete 
|   2|0x0000000080200000, 0x0000000080300000, 0x0000000080300000|100%|HC|  |TAMS 0x0000000080300000, 0x0000000080200000| Complete 
|   3|0x0000000080300000, 0x0000000080400000, 0x0000000080400000|100%| O|  |TAMS 0x0000000080400000, 0x0000000080300000| Untracked 
|   4|0x0000000080400000, 0x0000000080500000, 0x0000000080500000|100%| O|  |TAMS 0x0000000080500000, 0x0000000080400000| Untracked 
|   5|0x0000000080500000, 0x0000000080600000, 0x0000000080600000|100%| O|  |TAMS 0x0000000080600000, 0x0000000080500000| Untracked 
|   6|0x0000000080600000, 0x0000000080700000, 0x0000000080700000|100%|HS|  |TAMS 0x0000000080700000, 0x0000000080600000| Complete 
|   7|0x0000000080700000, 0x0000000080800000, 0x0000000080800000|100%| O|  |TAMS 0x0000000080800000, 0x0000000080700000| Untracked 
|   8|0x0000000080800000, 0x0000000080900000, 0x0000000080900000|100%| O|  |TAMS 0x0000000080900000, 0x0000000080800000| Untracked 
|   9|0x0000000080900000, 0x0000000080a00000, 0x0000000080a00000|100%| O|  |TAMS 0x0000000080a00000, 0x0000000080900000| Untracked 
|  10|0x0000000080a00000, 0x0000000080b00000, 0x0000000080b00000|100%| O|  |TAMS 0x0000000080b00000, 0x0000000080a00000| Untracked 
|  11|0x0000000080b00000, 0x0000000080c00000, 0x0000000080c00000|100%| O|  |TAMS 0x0000000080c00000, 0x0000000080b00000| Untracked 
|  12|0x0000000080c00000, 0x0000000080c9e800, 0x0000000080d00000| 61%| O|  |TAMS 0x0000000080c9e800, 0x0000000080c00000| Untracked 
|  13|0x0000000080d00000, 0x0000000080e00000, 0x0000000080e00000|100%| O|  |TAMS 0x0000000080e00000, 0x0000000080d00000| Untracked 
|  14|0x0000000080e00000, 0x0000000080f00000, 0x0000000080f00000|100%| O|  |TAMS 0x0000000080f00000, 0x0000000080e00000| Untracked 
|  15|0x0000000080f00000, 0x0000000081000000, 0x0000000081000000|100%| O|  |TAMS 0x0000000081000000, 0x0000000080f00000| Untracked 
|  16|0x0000000081000000, 0x0000000081100000, 0x0000000081100000|100%| O|  |TAMS 0x0000000081100000, 0x0000000081000000| Untracked 
|  17|0x0000000081100000, 0x0000000081200000, 0x0000000081200000|100%| O|  |TAMS 0x0000000081200000, 0x0000000081100000| Untracked 
|  18|0x0000000081200000, 0x0000000081300000, 0x0000000081300000|100%| O|  |TAMS 0x0000000081300000, 0x0000000081200000| Untracked 
|  19|0x0000000081300000, 0x0000000081400000, 0x0000000081400000|100%| O|  |TAMS 0x0000000081400000, 0x0000000081300000| Untracked 
|  20|0x0000000081400000, 0x0000000081500000, 0x0000000081500000|100%| O|  |TAMS 0x0000000081500000, 0x0000000081400000| Untracked 
|  21|0x0000000081500000, 0x0000000081600000, 0x0000000081600000|100%| O|  |TAMS 0x0000000081600000, 0x0000000081500000| Untracked 
|  22|0x0000000081600000, 0x0000000081700000, 0x0000000081700000|100%| O|  |TAMS 0x0000000081700000, 0x0000000081600000| Untracked 
|  23|0x0000000081700000, 0x0000000081800000, 0x0000000081800000|100%| O|  |TAMS 0x0000000081800000, 0x0000000081700000| Untracked 
|  24|0x0000000081800000, 0x0000000081900000, 0x0000000081900000|100%| O|  |TAMS 0x0000000081870800, 0x0000000081800000| Untracked 
|  25|0x0000000081900000, 0x0000000081a00000, 0x0000000081a00000|100%| O|  |TAMS 0x0000000081900000, 0x0000000081900000| Untracked 
|  26|0x0000000081a00000, 0x0000000081b00000, 0x0000000081b00000|100%| O|  |TAMS 0x0000000081a00000, 0x0000000081a00000| Untracked 
|  27|0x0000000081b00000, 0x0000000081c00000, 0x0000000081c00000|100%| O|  |TAMS 0x0000000081b00000, 0x0000000081b00000| Untracked 
|  28|0x0000000081c00000, 0x0000000081d00000, 0x0000000081d00000|100%| O|  |TAMS 0x0000000081c00000, 0x0000000081c00000| Untracked 
|  29|0x0000000081d00000, 0x0000000081e00000, 0x0000000081e00000|100%| O|  |TAMS 0x0000000081d00000, 0x0000000081d00000| Untracked 
|  30|0x0000000081e00000, 0x0000000081f00000, 0x0000000081f00000|100%| O|  |TAMS 0x0000000081e00000, 0x0000000081e00000| Untracked 
|  31|0x0000000081f00000, 0x0000000082000000, 0x0000000082000000|100%| O|  |TAMS 0x0000000081f00000, 0x0000000081f00000| Untracked 
|  32|0x0000000082000000, 0x0000000082100000, 0x0000000082100000|100%| O|  |TAMS 0x0000000082000000, 0x0000000082000000| Untracked 
|  33|0x0000000082100000, 0x0000000082200000, 0x0000000082200000|100%| O|  |TAMS 0x0000000082100000, 0x0000000082100000| Untracked 
|  34|0x0000000082200000, 0x0000000082300000, 0x0000000082300000|100%| O|  |TAMS 0x0000000082200000, 0x0000000082200000| Untracked 
|  35|0x0000000082300000, 0x0000000082400000, 0x0000000082400000|100%| O|  |TAMS 0x0000000082300000, 0x0000000082300000| Untracked 
|  36|0x0000000082400000, 0x0000000082500000, 0x0000000082500000|100%| O|  |TAMS 0x0000000082400000, 0x0000000082400000| Untracked 
|  37|0x0000000082500000, 0x0000000082600000, 0x0000000082600000|100%| O|  |TAMS 0x0000000082500000, 0x0000000082500000| Untracked 
|  38|0x0000000082600000, 0x0000000082700000, 0x0000000082700000|100%| O|  |TAMS 0x0000000082600000, 0x0000000082600000| Untracked 
|  39|0x0000000082700000, 0x0000000082800000, 0x0000000082800000|100%| O|  |TAMS 0x0000000082700000, 0x0000000082700000| Untracked 
|  40|0x0000000082800000, 0x000000008287ba00, 0x0000000082900000| 48%| O|  |TAMS 0x0000000082800000, 0x0000000082800000| Untracked 
|  41|0x0000000082900000, 0x0000000082900000, 0x0000000082a00000|  0%| F|  |TAMS 0x0000000082900000, 0x0000000082900000| Untracked 
|  42|0x0000000082a00000, 0x0000000082a00000, 0x0000000082b00000|  0%| F|  |TAMS 0x0000000082a00000, 0x0000000082a00000| Untracked 
|  43|0x0000000082b00000, 0x0000000082b00000, 0x0000000082c00000|  0%| F|  |TAMS 0x0000000082b00000, 0x0000000082b00000| Untracked 
|  44|0x0000000082c00000, 0x0000000082c00000, 0x0000000082d00000|  0%| F|  |TAMS 0x0000000082c00000, 0x0000000082c00000| Untracked 
|  45|0x0000000082d00000, 0x0000000082d00000, 0x0000000082e00000|  0%| F|  |TAMS 0x0000000082d00000, 0x0000000082d00000| Untracked 
|  46|0x0000000082e00000, 0x0000000082e00000, 0x0000000082f00000|  0%| F|  |TAMS 0x0000000082e00000, 0x0000000082e00000| Untracked 
|  47|0x0000000082f00000, 0x0000000082f00000, 0x0000000083000000|  0%| F|  |TAMS 0x0000000082f00000, 0x0000000082f00000| Untracked 
|  48|0x0000000083000000, 0x0000000083000000, 0x0000000083100000|  0%| F|  |TAMS 0x0000000083000000, 0x0000000083000000| Untracked 
|  49|0x0000000083100000, 0x0000000083100000, 0x0000000083200000|  0%| F|  |TAMS 0x0000000083100000, 0x0000000083100000| Untracked 
|  50|0x0000000083200000, 0x0000000083200000, 0x0000000083300000|  0%| F|  |TAMS 0x0000000083200000, 0x0000000083200000| Untracked 
|  51|0x0000000083300000, 0x0000000083300000, 0x0000000083400000|  0%| F|  |TAMS 0x0000000083300000, 0x0000000083300000| Untracked 
|  52|0x0000000083400000, 0x0000000083400000, 0x0000000083500000|  0%| F|  |TAMS 0x0000000083400000, 0x0000000083400000| Untracked 
|  53|0x0000000083500000, 0x0000000083500000, 0x0000000083600000|  0%| F|  |TAMS 0x0000000083500000, 0x0000000083500000| Untracked 
|  54|0x0000000083600000, 0x0000000083600000, 0x0000000083700000|  0%| F|  |TAMS 0x0000000083600000, 0x0000000083600000| Untracked 
|  55|0x0000000083700000, 0x0000000083700000, 0x0000000083800000|  0%| F|  |TAMS 0x0000000083700000, 0x0000000083700000| Untracked 
|  56|0x0000000083800000, 0x0000000083800000, 0x0000000083900000|  0%| F|  |TAMS 0x0000000083800000, 0x0000000083800000| Untracked 
|  57|0x0000000083900000, 0x0000000083900000, 0x0000000083a00000|  0%| F|  |TAMS 0x0000000083900000, 0x0000000083900000| Untracked 
|  58|0x0000000083a00000, 0x0000000083a00000, 0x0000000083b00000|  0%| F|  |TAMS 0x0000000083a00000, 0x0000000083a00000| Untracked 
|  59|0x0000000083b00000, 0x0000000083b00000, 0x0000000083c00000|  0%| F|  |TAMS 0x0000000083b00000, 0x0000000083b00000| Untracked 
|  60|0x0000000083c00000, 0x0000000083c00000, 0x0000000083d00000|  0%| F|  |TAMS 0x0000000083c00000, 0x0000000083c00000| Untracked 
|  61|0x0000000083d00000, 0x0000000083d00000, 0x0000000083e00000|  0%| F|  |TAMS 0x0000000083d00000, 0x0000000083d00000| Untracked 
|  62|0x0000000083e00000, 0x0000000083e00000, 0x0000000083f00000|  0%| F|  |TAMS 0x0000000083e00000, 0x0000000083e00000| Untracked 
|  63|0x0000000083f00000, 0x0000000083f00000, 0x0000000084000000|  0%| F|  |TAMS 0x0000000083f00000, 0x0000000083f00000| Untracked 
|  64|0x0000000084000000, 0x0000000084000000, 0x0000000084100000|  0%| F|  |TAMS 0x0000000084000000, 0x0000000084000000| Untracked 
|  65|0x0000000084100000, 0x0000000084100000, 0x0000000084200000|  0%| F|  |TAMS 0x0000000084100000, 0x0000000084100000| Untracked 
|  66|0x0000000084200000, 0x0000000084200000, 0x0000000084300000|  0%| F|  |TAMS 0x0000000084200000, 0x0000000084200000| Untracked 
|  67|0x0000000084300000, 0x0000000084300000, 0x0000000084400000|  0%| F|  |TAMS 0x0000000084300000, 0x0000000084300000| Untracked 
|  68|0x0000000084400000, 0x0000000084400000, 0x0000000084500000|  0%| F|  |TAMS 0x0000000084400000, 0x0000000084400000| Untracked 
|  69|0x0000000084500000, 0x0000000084500000, 0x0000000084600000|  0%| F|  |TAMS 0x0000000084500000, 0x0000000084500000| Untracked 
|  70|0x0000000084600000, 0x0000000084600000, 0x0000000084700000|  0%| F|  |TAMS 0x0000000084600000, 0x0000000084600000| Untracked 
|  71|0x0000000084700000, 0x0000000084700000, 0x0000000084800000|  0%| F|  |TAMS 0x0000000084700000, 0x0000000084700000| Untracked 
|  72|0x0000000084800000, 0x0000000084800000, 0x0000000084900000|  0%| F|  |TAMS 0x0000000084800000, 0x0000000084800000| Untracked 
|  73|0x0000000084900000, 0x0000000084900000, 0x0000000084a00000|  0%| F|  |TAMS 0x0000000084900000, 0x0000000084900000| Untracked 
|  74|0x0000000084a00000, 0x0000000084a00000, 0x0000000084b00000|  0%| F|  |TAMS 0x0000000084a00000, 0x0000000084a00000| Untracked 
|  75|0x0000000084b00000, 0x0000000084b00000, 0x0000000084c00000|  0%| F|  |TAMS 0x0000000084b00000, 0x0000000084b00000| Untracked 
|  76|0x0000000084c00000, 0x0000000084c00000, 0x0000000084d00000|  0%| F|  |TAMS 0x0000000084c00000, 0x0000000084c00000| Untracked 
|  77|0x0000000084d00000, 0x0000000084d00000, 0x0000000084e00000|  0%| F|  |TAMS 0x0000000084d00000, 0x0000000084d00000| Untracked 
|  78|0x0000000084e00000, 0x0000000084e00000, 0x0000000084f00000|  0%| F|  |TAMS 0x0000000084e00000, 0x0000000084e00000| Untracked 
|  79|0x0000000084f00000, 0x0000000084f00000, 0x0000000085000000|  0%| F|  |TAMS 0x0000000084f00000, 0x0000000084f00000| Untracked 
|  80|0x0000000085000000, 0x0000000085000000, 0x0000000085100000|  0%| F|  |TAMS 0x0000000085000000, 0x0000000085000000| Untracked 
|  81|0x0000000085100000, 0x0000000085100000, 0x0000000085200000|  0%| F|  |TAMS 0x0000000085100000, 0x0000000085100000| Untracked 
|  82|0x0000000085200000, 0x0000000085200000, 0x0000000085300000|  0%| F|  |TAMS 0x0000000085200000, 0x0000000085200000| Untracked 
|  83|0x0000000085300000, 0x0000000085300000, 0x0000000085400000|  0%| F|  |TAMS 0x0000000085300000, 0x0000000085300000| Untracked 
|  84|0x0000000085400000, 0x0000000085400000, 0x0000000085500000|  0%| F|  |TAMS 0x0000000085400000, 0x0000000085400000| Untracked 
|  85|0x0000000085500000, 0x0000000085500000, 0x0000000085600000|  0%| F|  |TAMS 0x0000000085500000, 0x0000000085500000| Untracked 
|  86|0x0000000085600000, 0x0000000085600000, 0x0000000085700000|  0%| F|  |TAMS 0x0000000085600000, 0x0000000085600000| Untracked 
|  87|0x0000000085700000, 0x0000000085700000, 0x0000000085800000|  0%| F|  |TAMS 0x0000000085700000, 0x0000000085700000| Untracked 
|  88|0x0000000085800000, 0x0000000085800000, 0x0000000085900000|  0%| F|  |TAMS 0x0000000085800000, 0x0000000085800000| Untracked 
|  89|0x0000000085900000, 0x0000000085900000, 0x0000000085a00000|  0%| F|  |TAMS 0x0000000085900000, 0x0000000085900000| Untracked 
|  90|0x0000000085a00000, 0x0000000085a00000, 0x0000000085b00000|  0%| F|  |TAMS 0x0000000085a00000, 0x0000000085a00000| Untracked 
|  91|0x0000000085b00000, 0x0000000085b5fc70, 0x0000000085c00000| 37%| S|CS|TAMS 0x0000000085b00000, 0x0000000085b00000| Complete 
|  92|0x0000000085c00000, 0x0000000085d00000, 0x0000000085d00000|100%| S|CS|TAMS 0x0000000085c00000, 0x0000000085c00000| Complete 
|  93|0x0000000085d00000, 0x0000000085e00000, 0x0000000085e00000|100%| S|CS|TAMS 0x0000000085d00000, 0x0000000085d00000| Complete 
|  94|0x0000000085e00000, 0x0000000085f00000, 0x0000000085f00000|100%| S|CS|TAMS 0x0000000085e00000, 0x0000000085e00000| Complete 
|  95|0x0000000085f00000, 0x0000000086000000, 0x0000000086000000|100%| S|CS|TAMS 0x0000000085f00000, 0x0000000085f00000| Complete 
|  96|0x0000000086000000, 0x0000000086100000, 0x0000000086100000|100%| S|CS|TAMS 0x0000000086000000, 0x0000000086000000| Complete 
|  97|0x0000000086100000, 0x0000000086200000, 0x0000000086200000|100%| S|CS|TAMS 0x0000000086100000, 0x0000000086100000| Complete 
|  98|0x0000000086200000, 0x0000000086300000, 0x0000000086300000|100%| S|CS|TAMS 0x0000000086200000, 0x0000000086200000| Complete 
|  99|0x0000000086300000, 0x0000000086400000, 0x0000000086400000|100%| S|CS|TAMS 0x0000000086300000, 0x0000000086300000| Complete 
| 100|0x0000000086400000, 0x0000000086500000, 0x0000000086500000|100%| S|CS|TAMS 0x0000000086400000, 0x0000000086400000| Complete 
| 101|0x0000000086500000, 0x0000000086600000, 0x0000000086600000|100%| S|CS|TAMS 0x0000000086500000, 0x0000000086500000| Complete 
| 102|0x0000000086600000, 0x0000000086600000, 0x0000000086700000|  0%| F|  |TAMS 0x0000000086600000, 0x0000000086600000| Untracked 
| 103|0x0000000086700000, 0x0000000086700000, 0x0000000086800000|  0%| F|  |TAMS 0x0000000086700000, 0x0000000086700000| Untracked 
| 104|0x0000000086800000, 0x0000000086800000, 0x0000000086900000|  0%| F|  |TAMS 0x0000000086800000, 0x0000000086800000| Untracked 
| 105|0x0000000086900000, 0x0000000086900000, 0x0000000086a00000|  0%| F|  |TAMS 0x0000000086900000, 0x0000000086900000| Untracked 
| 106|0x0000000086a00000, 0x0000000086a00000, 0x0000000086b00000|  0%| F|  |TAMS 0x0000000086a00000, 0x0000000086a00000| Untracked 
| 107|0x0000000086b00000, 0x0000000086b00000, 0x0000000086c00000|  0%| F|  |TAMS 0x0000000086b00000, 0x0000000086b00000| Untracked 
| 108|0x0000000086c00000, 0x0000000086c00000, 0x0000000086d00000|  0%| F|  |TAMS 0x0000000086c00000, 0x0000000086c00000| Untracked 
| 109|0x0000000086d00000, 0x0000000086d00000, 0x0000000086e00000|  0%| F|  |TAMS 0x0000000086d00000, 0x0000000086d00000| Untracked 
| 110|0x0000000086e00000, 0x0000000086e00000, 0x0000000086f00000|  0%| F|  |TAMS 0x0000000086e00000, 0x0000000086e00000| Untracked 
| 111|0x0000000086f00000, 0x0000000086f00000, 0x0000000087000000|  0%| F|  |TAMS 0x0000000086f00000, 0x0000000086f00000| Untracked 
| 112|0x0000000087000000, 0x0000000087100000, 0x0000000087100000|100%| S|CS|TAMS 0x0000000087000000, 0x0000000087000000| Complete 
| 113|0x0000000087100000, 0x0000000087100000, 0x0000000087200000|  0%| F|  |TAMS 0x0000000087100000, 0x0000000087100000| Untracked 
| 114|0x0000000087200000, 0x0000000087200000, 0x0000000087300000|  0%| F|  |TAMS 0x0000000087200000, 0x0000000087200000| Untracked 
| 115|0x0000000087300000, 0x0000000087300000, 0x0000000087400000|  0%| F|  |TAMS 0x0000000087300000, 0x0000000087300000| Untracked 
| 116|0x0000000087400000, 0x0000000087400000, 0x0000000087500000|  0%| F|  |TAMS 0x0000000087400000, 0x0000000087400000| Untracked 
| 117|0x0000000087500000, 0x0000000087500000, 0x0000000087600000|  0%| F|  |TAMS 0x0000000087500000, 0x0000000087500000| Untracked 
| 118|0x0000000087600000, 0x0000000087600000, 0x0000000087700000|  0%| F|  |TAMS 0x0000000087600000, 0x0000000087600000| Untracked 
| 119|0x0000000087700000, 0x0000000087700000, 0x0000000087800000|  0%| F|  |TAMS 0x0000000087700000, 0x0000000087700000| Untracked 
| 120|0x0000000087800000, 0x0000000087800000, 0x0000000087900000|  0%| F|  |TAMS 0x0000000087800000, 0x0000000087800000| Untracked 
| 121|0x0000000087900000, 0x0000000087900000, 0x0000000087a00000|  0%| F|  |TAMS 0x0000000087900000, 0x0000000087900000| Untracked 
| 122|0x0000000087a00000, 0x0000000087a00000, 0x0000000087b00000|  0%| F|  |TAMS 0x0000000087a00000, 0x0000000087a00000| Untracked 
| 123|0x0000000087b00000, 0x0000000087b00000, 0x0000000087c00000|  0%| F|  |TAMS 0x0000000087b00000, 0x0000000087b00000| Untracked 
| 124|0x0000000087c00000, 0x0000000087c00000, 0x0000000087d00000|  0%| F|  |TAMS 0x0000000087c00000, 0x0000000087c00000| Untracked 
| 125|0x0000000087d00000, 0x0000000087d00000, 0x0000000087e00000|  0%| F|  |TAMS 0x0000000087d00000, 0x0000000087d00000| Untracked 
| 126|0x0000000087e00000, 0x0000000087e00000, 0x0000000087f00000|  0%| F|  |TAMS 0x0000000087e00000, 0x0000000087e00000| Untracked 
| 127|0x0000000087f00000, 0x0000000087f00000, 0x0000000088000000|  0%| F|  |TAMS 0x0000000087f00000, 0x0000000087f00000| Untracked 
| 128|0x0000000088000000, 0x0000000088000000, 0x0000000088100000|  0%| F|  |TAMS 0x0000000088000000, 0x0000000088000000| Untracked 
| 129|0x0000000088100000, 0x0000000088100000, 0x0000000088200000|  0%| F|  |TAMS 0x0000000088100000, 0x0000000088100000| Untracked 
| 130|0x0000000088200000, 0x0000000088200000, 0x0000000088300000|  0%| F|  |TAMS 0x0000000088200000, 0x0000000088200000| Untracked 
| 131|0x0000000088300000, 0x0000000088300000, 0x0000000088400000|  0%| F|  |TAMS 0x0000000088300000, 0x0000000088300000| Untracked 
| 132|0x0000000088400000, 0x0000000088400000, 0x0000000088500000|  0%| F|  |TAMS 0x0000000088400000, 0x0000000088400000| Untracked 
| 133|0x0000000088500000, 0x0000000088500000, 0x0000000088600000|  0%| F|  |TAMS 0x0000000088500000, 0x0000000088500000| Untracked 
| 134|0x0000000088600000, 0x0000000088600000, 0x0000000088700000|  0%| F|  |TAMS 0x0000000088600000, 0x0000000088600000| Untracked 
| 135|0x0000000088700000, 0x0000000088700000, 0x0000000088800000|  0%| F|  |TAMS 0x0000000088700000, 0x0000000088700000| Untracked 
| 136|0x0000000088800000, 0x0000000088800000, 0x0000000088900000|  0%| F|  |TAMS 0x0000000088800000, 0x0000000088800000| Untracked 
| 137|0x0000000088900000, 0x0000000088900000, 0x0000000088a00000|  0%| F|  |TAMS 0x0000000088900000, 0x0000000088900000| Untracked 
| 138|0x0000000088a00000, 0x0000000088a00000, 0x0000000088b00000|  0%| F|  |TAMS 0x0000000088a00000, 0x0000000088a00000| Untracked 
| 139|0x0000000088b00000, 0x0000000088b00000, 0x0000000088c00000|  0%| F|  |TAMS 0x0000000088b00000, 0x0000000088b00000| Untracked 
| 140|0x0000000088c00000, 0x0000000088c00000, 0x0000000088d00000|  0%| F|  |TAMS 0x0000000088c00000, 0x0000000088c00000| Untracked 
| 141|0x0000000088d00000, 0x0000000088d00000, 0x0000000088e00000|  0%| F|  |TAMS 0x0000000088d00000, 0x0000000088d00000| Untracked 
| 142|0x0000000088e00000, 0x0000000088e00000, 0x0000000088f00000|  0%| F|  |TAMS 0x0000000088e00000, 0x0000000088e00000| Untracked 
| 143|0x0000000088f00000, 0x0000000088f00000, 0x0000000089000000|  0%| F|  |TAMS 0x0000000088f00000, 0x0000000088f00000| Untracked 
| 144|0x0000000089000000, 0x0000000089000000, 0x0000000089100000|  0%| F|  |TAMS 0x0000000089000000, 0x0000000089000000| Untracked 
| 145|0x0000000089100000, 0x0000000089100000, 0x0000000089200000|  0%| F|  |TAMS 0x0000000089100000, 0x0000000089100000| Untracked 
| 146|0x0000000089200000, 0x0000000089200000, 0x0000000089300000|  0%| F|  |TAMS 0x0000000089200000, 0x0000000089200000| Untracked 
| 147|0x0000000089300000, 0x0000000089300000, 0x0000000089400000|  0%| F|  |TAMS 0x0000000089300000, 0x0000000089300000| Untracked 
| 148|0x0000000089400000, 0x0000000089400000, 0x0000000089500000|  0%| F|  |TAMS 0x0000000089400000, 0x0000000089400000| Untracked 
| 149|0x0000000089500000, 0x0000000089500000, 0x0000000089600000|  0%| F|  |TAMS 0x0000000089500000, 0x0000000089500000| Untracked 
| 150|0x0000000089600000, 0x0000000089600000, 0x0000000089700000|  0%| F|  |TAMS 0x0000000089600000, 0x0000000089600000| Untracked 
| 151|0x0000000089700000, 0x0000000089700000, 0x0000000089800000|  0%| F|  |TAMS 0x0000000089700000, 0x0000000089700000| Untracked 
| 152|0x0000000089800000, 0x0000000089800000, 0x0000000089900000|  0%| F|  |TAMS 0x0000000089800000, 0x0000000089800000| Untracked 
| 153|0x0000000089900000, 0x0000000089900000, 0x0000000089a00000|  0%| F|  |TAMS 0x0000000089900000, 0x0000000089900000| Untracked 
| 154|0x0000000089a00000, 0x0000000089a00000, 0x0000000089b00000|  0%| F|  |TAMS 0x0000000089a00000, 0x0000000089a00000| Untracked 
| 155|0x0000000089b00000, 0x0000000089b00000, 0x0000000089c00000|  0%| F|  |TAMS 0x0000000089b00000, 0x0000000089b00000| Untracked 
| 156|0x0000000089c00000, 0x0000000089c00000, 0x0000000089d00000|  0%| F|  |TAMS 0x0000000089c00000, 0x0000000089c00000| Untracked 
| 157|0x0000000089d00000, 0x0000000089d00000, 0x0000000089e00000|  0%| F|  |TAMS 0x0000000089d00000, 0x0000000089d00000| Untracked 
| 158|0x0000000089e00000, 0x0000000089e00000, 0x0000000089f00000|  0%| F|  |TAMS 0x0000000089e00000, 0x0000000089e00000| Untracked 
| 159|0x0000000089f00000, 0x0000000089f00000, 0x000000008a000000|  0%| F|  |TAMS 0x0000000089f00000, 0x0000000089f00000| Untracked 
| 160|0x000000008a000000, 0x000000008a000000, 0x000000008a100000|  0%| F|  |TAMS 0x000000008a000000, 0x000000008a000000| Untracked 
| 161|0x000000008a100000, 0x000000008a100000, 0x000000008a200000|  0%| F|  |TAMS 0x000000008a100000, 0x000000008a100000| Untracked 
| 162|0x000000008a200000, 0x000000008a200000, 0x000000008a300000|  0%| F|  |TAMS 0x000000008a200000, 0x000000008a200000| Untracked 
| 163|0x000000008a300000, 0x000000008a300000, 0x000000008a400000|  0%| F|  |TAMS 0x000000008a300000, 0x000000008a300000| Untracked 
| 164|0x000000008a400000, 0x000000008a400000, 0x000000008a500000|  0%| F|  |TAMS 0x000000008a400000, 0x000000008a400000| Untracked 
| 165|0x000000008a500000, 0x000000008a500000, 0x000000008a600000|  0%| F|  |TAMS 0x000000008a500000, 0x000000008a500000| Untracked 
| 166|0x000000008a600000, 0x000000008a600000, 0x000000008a700000|  0%| F|  |TAMS 0x000000008a600000, 0x000000008a600000| Untracked 
| 167|0x000000008a700000, 0x000000008a700000, 0x000000008a800000|  0%| F|  |TAMS 0x000000008a700000, 0x000000008a700000| Untracked 
| 168|0x000000008a800000, 0x000000008a800000, 0x000000008a900000|  0%| F|  |TAMS 0x000000008a800000, 0x000000008a800000| Untracked 
| 169|0x000000008a900000, 0x000000008a900000, 0x000000008aa00000|  0%| F|  |TAMS 0x000000008a900000, 0x000000008a900000| Untracked 
| 170|0x000000008aa00000, 0x000000008aa00000, 0x000000008ab00000|  0%| F|  |TAMS 0x000000008aa00000, 0x000000008aa00000| Untracked 
| 171|0x000000008ab00000, 0x000000008ab00000, 0x000000008ac00000|  0%| F|  |TAMS 0x000000008ab00000, 0x000000008ab00000| Untracked 
| 172|0x000000008ac00000, 0x000000008ac00000, 0x000000008ad00000|  0%| F|  |TAMS 0x000000008ac00000, 0x000000008ac00000| Untracked 
| 173|0x000000008ad00000, 0x000000008ad00000, 0x000000008ae00000|  0%| F|  |TAMS 0x000000008ad00000, 0x000000008ad00000| Untracked 
| 174|0x000000008ae00000, 0x000000008ae00000, 0x000000008af00000|  0%| F|  |TAMS 0x000000008ae00000, 0x000000008ae00000| Untracked 
| 175|0x000000008af00000, 0x000000008af00000, 0x000000008b000000|  0%| F|  |TAMS 0x000000008af00000, 0x000000008af00000| Untracked 
| 176|0x000000008b000000, 0x000000008b000000, 0x000000008b100000|  0%| F|  |TAMS 0x000000008b000000, 0x000000008b000000| Untracked 
| 177|0x000000008b100000, 0x000000008b100000, 0x000000008b200000|  0%| F|  |TAMS 0x000000008b100000, 0x000000008b100000| Untracked 
| 178|0x000000008b200000, 0x000000008b200000, 0x000000008b300000|  0%| F|  |TAMS 0x000000008b200000, 0x000000008b200000| Untracked 
| 179|0x000000008b300000, 0x000000008b300000, 0x000000008b400000|  0%| F|  |TAMS 0x000000008b300000, 0x000000008b300000| Untracked 
| 180|0x000000008b400000, 0x000000008b400000, 0x000000008b500000|  0%| F|  |TAMS 0x000000008b400000, 0x000000008b400000| Untracked 
| 181|0x000000008b500000, 0x000000008b500000, 0x000000008b600000|  0%| F|  |TAMS 0x000000008b500000, 0x000000008b500000| Untracked 
| 182|0x000000008b600000, 0x000000008b600000, 0x000000008b700000|  0%| F|  |TAMS 0x000000008b600000, 0x000000008b600000| Untracked 
| 183|0x000000008b700000, 0x000000008b700000, 0x000000008b800000|  0%| F|  |TAMS 0x000000008b700000, 0x000000008b700000| Untracked 
| 184|0x000000008b800000, 0x000000008b800000, 0x000000008b900000|  0%| F|  |TAMS 0x000000008b800000, 0x000000008b800000| Untracked 
| 185|0x000000008b900000, 0x000000008b900000, 0x000000008ba00000|  0%| F|  |TAMS 0x000000008b900000, 0x000000008b900000| Untracked 
| 186|0x000000008ba00000, 0x000000008ba00000, 0x000000008bb00000|  0%| F|  |TAMS 0x000000008ba00000, 0x000000008ba00000| Untracked 
| 187|0x000000008bb00000, 0x000000008bb00000, 0x000000008bc00000|  0%| F|  |TAMS 0x000000008bb00000, 0x000000008bb00000| Untracked 
| 188|0x000000008bc00000, 0x000000008bc00000, 0x000000008bd00000|  0%| F|  |TAMS 0x000000008bc00000, 0x000000008bc00000| Untracked 
| 189|0x000000008bd00000, 0x000000008bd00000, 0x000000008be00000|  0%| F|  |TAMS 0x000000008bd00000, 0x000000008bd00000| Untracked 
| 190|0x000000008be00000, 0x000000008be00000, 0x000000008bf00000|  0%| F|  |TAMS 0x000000008be00000, 0x000000008be00000| Untracked 
| 191|0x000000008bf00000, 0x000000008bf00000, 0x000000008c000000|  0%| F|  |TAMS 0x000000008bf00000, 0x000000008bf00000| Untracked 
| 192|0x000000008c000000, 0x000000008c000000, 0x000000008c100000|  0%| F|  |TAMS 0x000000008c000000, 0x000000008c000000| Untracked 
| 193|0x000000008c100000, 0x000000008c100000, 0x000000008c200000|  0%| F|  |TAMS 0x000000008c100000, 0x000000008c100000| Untracked 
| 194|0x000000008c200000, 0x000000008c200000, 0x000000008c300000|  0%| F|  |TAMS 0x000000008c200000, 0x000000008c200000| Untracked 
| 195|0x000000008c300000, 0x000000008c300000, 0x000000008c400000|  0%| F|  |TAMS 0x000000008c300000, 0x000000008c300000| Untracked 
| 196|0x000000008c400000, 0x000000008c400000, 0x000000008c500000|  0%| F|  |TAMS 0x000000008c400000, 0x000000008c400000| Untracked 
| 197|0x000000008c500000, 0x000000008c500000, 0x000000008c600000|  0%| F|  |TAMS 0x000000008c500000, 0x000000008c500000| Untracked 
| 198|0x000000008c600000, 0x000000008c600000, 0x000000008c700000|  0%| F|  |TAMS 0x000000008c600000, 0x000000008c600000| Untracked 
| 199|0x000000008c700000, 0x000000008c700000, 0x000000008c800000|  0%| F|  |TAMS 0x000000008c700000, 0x000000008c700000| Untracked 
| 200|0x000000008c800000, 0x000000008c800000, 0x000000008c900000|  0%| F|  |TAMS 0x000000008c800000, 0x000000008c800000| Untracked 
| 201|0x000000008c900000, 0x000000008c900000, 0x000000008ca00000|  0%| F|  |TAMS 0x000000008c900000, 0x000000008c900000| Untracked 
| 202|0x000000008ca00000, 0x000000008ca00000, 0x000000008cb00000|  0%| F|  |TAMS 0x000000008ca00000, 0x000000008ca00000| Untracked 
| 203|0x000000008cb00000, 0x000000008cb00000, 0x000000008cc00000|  0%| F|  |TAMS 0x000000008cb00000, 0x000000008cb00000| Untracked 
| 204|0x000000008cc00000, 0x000000008cc00000, 0x000000008cd00000|  0%| F|  |TAMS 0x000000008cc00000, 0x000000008cc00000| Untracked 
| 205|0x000000008cd00000, 0x000000008cd00000, 0x000000008ce00000|  0%| F|  |TAMS 0x000000008cd00000, 0x000000008cd00000| Untracked 
| 206|0x000000008ce00000, 0x000000008ce00000, 0x000000008cf00000|  0%| F|  |TAMS 0x000000008ce00000, 0x000000008ce00000| Untracked 
| 207|0x000000008cf00000, 0x000000008cf00000, 0x000000008d000000|  0%| F|  |TAMS 0x000000008cf00000, 0x000000008cf00000| Untracked 
| 208|0x000000008d000000, 0x000000008d000000, 0x000000008d100000|  0%| F|  |TAMS 0x000000008d000000, 0x000000008d000000| Untracked 
| 209|0x000000008d100000, 0x000000008d100000, 0x000000008d200000|  0%| F|  |TAMS 0x000000008d100000, 0x000000008d100000| Untracked 
| 210|0x000000008d200000, 0x000000008d200000, 0x000000008d300000|  0%| F|  |TAMS 0x000000008d200000, 0x000000008d200000| Untracked 
| 211|0x000000008d300000, 0x000000008d300000, 0x000000008d400000|  0%| F|  |TAMS 0x000000008d300000, 0x000000008d300000| Untracked 
| 212|0x000000008d400000, 0x000000008d400000, 0x000000008d500000|  0%| F|  |TAMS 0x000000008d400000, 0x000000008d400000| Untracked 
| 213|0x000000008d500000, 0x000000008d500000, 0x000000008d600000|  0%| F|  |TAMS 0x000000008d500000, 0x000000008d500000| Untracked 
| 214|0x000000008d600000, 0x000000008d600000, 0x000000008d700000|  0%| F|  |TAMS 0x000000008d600000, 0x000000008d600000| Untracked 
| 215|0x000000008d700000, 0x000000008d700000, 0x000000008d800000|  0%| F|  |TAMS 0x000000008d700000, 0x000000008d700000| Untracked 
| 216|0x000000008d800000, 0x000000008d800000, 0x000000008d900000|  0%| F|  |TAMS 0x000000008d800000, 0x000000008d800000| Untracked 
| 217|0x000000008d900000, 0x000000008d900000, 0x000000008da00000|  0%| F|  |TAMS 0x000000008d900000, 0x000000008d900000| Untracked 
| 218|0x000000008da00000, 0x000000008da00000, 0x000000008db00000|  0%| F|  |TAMS 0x000000008da00000, 0x000000008da00000| Untracked 
| 219|0x000000008db00000, 0x000000008db00000, 0x000000008dc00000|  0%| F|  |TAMS 0x000000008db00000, 0x000000008db00000| Untracked 
| 220|0x000000008dc00000, 0x000000008dc00000, 0x000000008dd00000|  0%| F|  |TAMS 0x000000008dc00000, 0x000000008dc00000| Untracked 
| 221|0x000000008dd00000, 0x000000008dd00000, 0x000000008de00000|  0%| F|  |TAMS 0x000000008dd00000, 0x000000008dd00000| Untracked 
| 222|0x000000008de00000, 0x000000008de00000, 0x000000008df00000|  0%| F|  |TAMS 0x000000008de00000, 0x000000008de00000| Untracked 
| 223|0x000000008df00000, 0x000000008df00000, 0x000000008e000000|  0%| F|  |TAMS 0x000000008df00000, 0x000000008df00000| Untracked 
| 224|0x000000008e000000, 0x000000008e000000, 0x000000008e100000|  0%| F|  |TAMS 0x000000008e000000, 0x000000008e000000| Untracked 
| 225|0x000000008e100000, 0x000000008e100000, 0x000000008e200000|  0%| F|  |TAMS 0x000000008e100000, 0x000000008e100000| Untracked 
| 226|0x000000008e200000, 0x000000008e200000, 0x000000008e300000|  0%| F|  |TAMS 0x000000008e200000, 0x000000008e200000| Untracked 
| 227|0x000000008e300000, 0x000000008e300000, 0x000000008e400000|  0%| F|  |TAMS 0x000000008e300000, 0x000000008e300000| Untracked 
| 228|0x000000008e400000, 0x000000008e400000, 0x000000008e500000|  0%| F|  |TAMS 0x000000008e400000, 0x000000008e400000| Untracked 
| 229|0x000000008e500000, 0x000000008e500000, 0x000000008e600000|  0%| F|  |TAMS 0x000000008e500000, 0x000000008e500000| Untracked 
| 230|0x000000008e600000, 0x000000008e600000, 0x000000008e700000|  0%| F|  |TAMS 0x000000008e600000, 0x000000008e600000| Untracked 
| 231|0x000000008e700000, 0x000000008e800000, 0x000000008e800000|100%| E|  |TAMS 0x000000008e700000, 0x000000008e700000| Complete 
| 232|0x000000008e800000, 0x000000008e900000, 0x000000008e900000|100%| E|CS|TAMS 0x000000008e800000, 0x000000008e800000| Complete 
| 233|0x000000008e900000, 0x000000008ea00000, 0x000000008ea00000|100%| E|CS|TAMS 0x000000008e900000, 0x000000008e900000| Complete 
| 234|0x000000008ea00000, 0x000000008eb00000, 0x000000008eb00000|100%| E|CS|TAMS 0x000000008ea00000, 0x000000008ea00000| Complete 
| 235|0x000000008eb00000, 0x000000008ec00000, 0x000000008ec00000|100%| E|CS|TAMS 0x000000008eb00000, 0x000000008eb00000| Complete 
| 236|0x000000008ec00000, 0x000000008ed00000, 0x000000008ed00000|100%| E|CS|TAMS 0x000000008ec00000, 0x000000008ec00000| Complete 
| 237|0x000000008ed00000, 0x000000008ee00000, 0x000000008ee00000|100%| E|CS|TAMS 0x000000008ed00000, 0x000000008ed00000| Complete 
| 238|0x000000008ee00000, 0x000000008ef00000, 0x000000008ef00000|100%| E|CS|TAMS 0x000000008ee00000, 0x000000008ee00000| Complete 
| 239|0x000000008ef00000, 0x000000008f000000, 0x000000008f000000|100%| E|CS|TAMS 0x000000008ef00000, 0x000000008ef00000| Complete 
| 240|0x000000008f000000, 0x000000008f100000, 0x000000008f100000|100%| E|CS|TAMS 0x000000008f000000, 0x000000008f000000| Complete 
| 241|0x000000008f100000, 0x000000008f200000, 0x000000008f200000|100%| E|CS|TAMS 0x000000008f100000, 0x000000008f100000| Complete 
| 242|0x000000008f200000, 0x000000008f300000, 0x000000008f300000|100%| E|CS|TAMS 0x000000008f200000, 0x000000008f200000| Complete 
| 243|0x000000008f300000, 0x000000008f400000, 0x000000008f400000|100%| E|CS|TAMS 0x000000008f300000, 0x000000008f300000| Complete 
| 244|0x000000008f400000, 0x000000008f500000, 0x000000008f500000|100%| E|CS|TAMS 0x000000008f400000, 0x000000008f400000| Complete 
| 245|0x000000008f500000, 0x000000008f600000, 0x000000008f600000|100%| E|CS|TAMS 0x000000008f500000, 0x000000008f500000| Complete 
| 246|0x000000008f600000, 0x000000008f700000, 0x000000008f700000|100%| E|CS|TAMS 0x000000008f600000, 0x000000008f600000| Complete 
| 247|0x000000008f700000, 0x000000008f800000, 0x000000008f800000|100%| E|CS|TAMS 0x000000008f700000, 0x000000008f700000| Complete 
| 248|0x000000008f800000, 0x000000008f900000, 0x000000008f900000|100%| E|CS|TAMS 0x000000008f800000, 0x000000008f800000| Complete 
| 249|0x000000008f900000, 0x000000008fa00000, 0x000000008fa00000|100%| E|CS|TAMS 0x000000008f900000, 0x000000008f900000| Complete 
| 250|0x000000008fa00000, 0x000000008fb00000, 0x000000008fb00000|100%| E|CS|TAMS 0x000000008fa00000, 0x000000008fa00000| Complete 
| 251|0x000000008fb00000, 0x000000008fc00000, 0x000000008fc00000|100%| E|CS|TAMS 0x000000008fb00000, 0x000000008fb00000| Complete 
| 252|0x000000008fc00000, 0x000000008fd00000, 0x000000008fd00000|100%| E|CS|TAMS 0x000000008fc00000, 0x000000008fc00000| Complete 
| 253|0x000000008fd00000, 0x000000008fe00000, 0x000000008fe00000|100%| E|CS|TAMS 0x000000008fd00000, 0x000000008fd00000| Complete 
| 254|0x000000008fe00000, 0x000000008ff00000, 0x000000008ff00000|100%| E|CS|TAMS 0x000000008fe00000, 0x000000008fe00000| Complete 
| 255|0x000000008ff00000, 0x0000000090000000, 0x0000000090000000|100%| E|CS|TAMS 0x000000008ff00000, 0x000000008ff00000| Complete 
| 256|0x0000000090000000, 0x0000000090100000, 0x0000000090100000|100%| E|CS|TAMS 0x0000000090000000, 0x0000000090000000| Complete 
| 257|0x0000000090100000, 0x0000000090200000, 0x0000000090200000|100%| E|CS|TAMS 0x0000000090100000, 0x0000000090100000| Complete 
| 258|0x0000000090200000, 0x0000000090300000, 0x0000000090300000|100%| E|CS|TAMS 0x0000000090200000, 0x0000000090200000| Complete 
| 259|0x0000000090300000, 0x0000000090400000, 0x0000000090400000|100%| E|CS|TAMS 0x0000000090300000, 0x0000000090300000| Complete 
| 260|0x0000000090400000, 0x0000000090500000, 0x0000000090500000|100%| E|CS|TAMS 0x0000000090400000, 0x0000000090400000| Complete 
| 261|0x0000000090500000, 0x0000000090600000, 0x0000000090600000|100%| E|CS|TAMS 0x0000000090500000, 0x0000000090500000| Complete 
| 262|0x0000000090600000, 0x0000000090700000, 0x0000000090700000|100%| E|CS|TAMS 0x0000000090600000, 0x0000000090600000| Complete 
| 263|0x0000000090700000, 0x0000000090800000, 0x0000000090800000|100%| E|CS|TAMS 0x0000000090700000, 0x0000000090700000| Complete 
| 264|0x0000000090800000, 0x0000000090900000, 0x0000000090900000|100%| E|CS|TAMS 0x0000000090800000, 0x0000000090800000| Complete 
| 265|0x0000000090900000, 0x0000000090a00000, 0x0000000090a00000|100%| E|CS|TAMS 0x0000000090900000, 0x0000000090900000| Complete 
| 266|0x0000000090a00000, 0x0000000090b00000, 0x0000000090b00000|100%| E|CS|TAMS 0x0000000090a00000, 0x0000000090a00000| Complete 
| 267|0x0000000090b00000, 0x0000000090c00000, 0x0000000090c00000|100%| E|CS|TAMS 0x0000000090b00000, 0x0000000090b00000| Complete 
| 268|0x0000000090c00000, 0x0000000090d00000, 0x0000000090d00000|100%| E|CS|TAMS 0x0000000090c00000, 0x0000000090c00000| Complete 
| 269|0x0000000090d00000, 0x0000000090e00000, 0x0000000090e00000|100%| E|CS|TAMS 0x0000000090d00000, 0x0000000090d00000| Complete 
| 270|0x0000000090e00000, 0x0000000090f00000, 0x0000000090f00000|100%| E|CS|TAMS 0x0000000090e00000, 0x0000000090e00000| Complete 
| 271|0x0000000090f00000, 0x0000000091000000, 0x0000000091000000|100%| E|CS|TAMS 0x0000000090f00000, 0x0000000090f00000| Complete 
| 272|0x0000000091000000, 0x0000000091100000, 0x0000000091100000|100%| E|CS|TAMS 0x0000000091000000, 0x0000000091000000| Complete 
| 273|0x0000000091100000, 0x0000000091200000, 0x0000000091200000|100%| E|CS|TAMS 0x0000000091100000, 0x0000000091100000| Complete 
| 274|0x0000000091200000, 0x0000000091300000, 0x0000000091300000|100%| E|CS|TAMS 0x0000000091200000, 0x0000000091200000| Complete 
| 275|0x0000000091300000, 0x0000000091400000, 0x0000000091400000|100%| E|CS|TAMS 0x0000000091300000, 0x0000000091300000| Complete 
| 276|0x0000000091400000, 0x0000000091500000, 0x0000000091500000|100%| E|CS|TAMS 0x0000000091400000, 0x0000000091400000| Complete 
| 277|0x0000000091500000, 0x0000000091600000, 0x0000000091600000|100%| E|CS|TAMS 0x0000000091500000, 0x0000000091500000| Complete 
| 278|0x0000000091600000, 0x0000000091700000, 0x0000000091700000|100%| E|CS|TAMS 0x0000000091600000, 0x0000000091600000| Complete 
| 279|0x0000000091700000, 0x0000000091800000, 0x0000000091800000|100%| E|CS|TAMS 0x0000000091700000, 0x0000000091700000| Complete 
| 280|0x0000000091800000, 0x0000000091900000, 0x0000000091900000|100%| E|CS|TAMS 0x0000000091800000, 0x0000000091800000| Complete 
| 281|0x0000000091900000, 0x0000000091a00000, 0x0000000091a00000|100%| E|CS|TAMS 0x0000000091900000, 0x0000000091900000| Complete 
| 282|0x0000000091a00000, 0x0000000091b00000, 0x0000000091b00000|100%| E|CS|TAMS 0x0000000091a00000, 0x0000000091a00000| Complete 
| 283|0x0000000091b00000, 0x0000000091c00000, 0x0000000091c00000|100%| E|CS|TAMS 0x0000000091b00000, 0x0000000091b00000| Complete 
| 284|0x0000000091c00000, 0x0000000091d00000, 0x0000000091d00000|100%| E|CS|TAMS 0x0000000091c00000, 0x0000000091c00000| Complete 
| 285|0x0000000091d00000, 0x0000000091e00000, 0x0000000091e00000|100%| E|CS|TAMS 0x0000000091d00000, 0x0000000091d00000| Complete 
| 286|0x0000000091e00000, 0x0000000091f00000, 0x0000000091f00000|100%| E|CS|TAMS 0x0000000091e00000, 0x0000000091e00000| Complete 
| 287|0x0000000091f00000, 0x0000000092000000, 0x0000000092000000|100%| E|CS|TAMS 0x0000000091f00000, 0x0000000091f00000| Complete 
| 288|0x0000000092000000, 0x0000000092100000, 0x0000000092100000|100%| E|CS|TAMS 0x0000000092000000, 0x0000000092000000| Complete 
| 289|0x0000000092100000, 0x0000000092200000, 0x0000000092200000|100%| E|CS|TAMS 0x0000000092100000, 0x0000000092100000| Complete 
| 290|0x0000000092200000, 0x0000000092300000, 0x0000000092300000|100%| E|CS|TAMS 0x0000000092200000, 0x0000000092200000| Complete 
| 291|0x0000000092300000, 0x0000000092400000, 0x0000000092400000|100%| E|CS|TAMS 0x0000000092300000, 0x0000000092300000| Complete 
| 292|0x0000000092400000, 0x0000000092500000, 0x0000000092500000|100%| E|CS|TAMS 0x0000000092400000, 0x0000000092400000| Complete 
| 293|0x0000000092500000, 0x0000000092600000, 0x0000000092600000|100%| E|CS|TAMS 0x0000000092500000, 0x0000000092500000| Complete 
| 294|0x0000000092600000, 0x0000000092700000, 0x0000000092700000|100%| E|CS|TAMS 0x0000000092600000, 0x0000000092600000| Complete 
| 295|0x0000000092700000, 0x0000000092800000, 0x0000000092800000|100%| E|CS|TAMS 0x0000000092700000, 0x0000000092700000| Complete 
| 296|0x0000000092800000, 0x0000000092900000, 0x0000000092900000|100%| E|CS|TAMS 0x0000000092800000, 0x0000000092800000| Complete 
| 297|0x0000000092900000, 0x0000000092a00000, 0x0000000092a00000|100%| E|CS|TAMS 0x0000000092900000, 0x0000000092900000| Complete 
| 298|0x0000000092a00000, 0x0000000092b00000, 0x0000000092b00000|100%| E|CS|TAMS 0x0000000092a00000, 0x0000000092a00000| Complete 
| 299|0x0000000092b00000, 0x0000000092c00000, 0x0000000092c00000|100%| E|CS|TAMS 0x0000000092b00000, 0x0000000092b00000| Complete 
| 300|0x0000000092c00000, 0x0000000092d00000, 0x0000000092d00000|100%| E|CS|TAMS 0x0000000092c00000, 0x0000000092c00000| Complete 
| 301|0x0000000092d00000, 0x0000000092e00000, 0x0000000092e00000|100%| E|CS|TAMS 0x0000000092d00000, 0x0000000092d00000| Complete 
| 302|0x0000000092e00000, 0x0000000092f00000, 0x0000000092f00000|100%| E|CS|TAMS 0x0000000092e00000, 0x0000000092e00000| Complete 
| 303|0x0000000092f00000, 0x0000000093000000, 0x0000000093000000|100%| E|CS|TAMS 0x0000000092f00000, 0x0000000092f00000| Complete 
| 304|0x0000000093000000, 0x0000000093100000, 0x0000000093100000|100%| E|CS|TAMS 0x0000000093000000, 0x0000000093000000| Complete 
| 305|0x0000000093100000, 0x0000000093200000, 0x0000000093200000|100%| E|CS|TAMS 0x0000000093100000, 0x0000000093100000| Complete 
| 306|0x0000000093200000, 0x0000000093300000, 0x0000000093300000|100%| E|CS|TAMS 0x0000000093200000, 0x0000000093200000| Complete 
| 307|0x0000000093300000, 0x0000000093400000, 0x0000000093400000|100%| E|CS|TAMS 0x0000000093300000, 0x0000000093300000| Complete 

Card table byte_map: [0x000001e3d8620000,0x000001e3d8a20000] _byte_map_base: 0x000001e3d8220000

Marking Bits (Prev, Next): (CMBitMap*) 0x000001e3bf27e7d0, (CMBitMap*) 0x000001e3bf27e810
 Prev Bits: [0x000001e3d8e20000, 0x000001e3dae20000)
 Next Bits: [0x000001e3dae20000, 0x000001e3dce20000)

Polling page: 0x000001e3bf2d0000

Metaspace:

Usage:
  Non-class:     37.60 MB used.
      Class:      6.11 MB used.
       Both:     43.71 MB used.

Virtual space:
  Non-class space:       64.00 MB reserved,      37.94 MB ( 59%) committed,  1 nodes.
      Class space:      416.00 MB reserved,       6.38 MB (  2%) committed,  1 nodes.
             Both:      480.00 MB reserved,      44.31 MB (  9%) committed. 

Chunk freelists:
   Non-Class:  9.88 MB
       Class:  9.45 MB
        Both:  19.33 MB

MaxMetaspaceSize: 512.00 MB
CompressedClassSpaceSize: 416.00 MB
Initial GC threshold: 21.00 MB
Current GC threshold: 58.75 MB
CDS: on
MetaspaceReclaimPolicy: balanced
 - commit_granule_bytes: 65536.
 - commit_granule_words: 8192.
 - virtual_space_node_default_size: 8388608.
 - enlarge_chunks_in_place: 1.
 - new_chunks_are_fully_committed: 0.
 - uncommit_free_chunks: 1.
 - use_allocation_guard: 0.
 - handle_deallocations: 1.


Internal statistics:

num_allocs_failed_limit: 6.
num_arena_births: 786.
num_arena_deaths: 0.
num_vsnodes_births: 2.
num_vsnodes_deaths: 0.
num_space_committed: 709.
num_space_uncommitted: 0.
num_chunks_returned_to_freelist: 6.
num_chunks_taken_from_freelist: 2567.
num_chunk_merges: 6.
num_chunk_splits: 1726.
num_chunks_enlarged: 1190.
num_inconsistent_stats: 0.

CodeHeap 'non-profiled nmethods': size=120000Kb used=4816Kb max_used=5719Kb free=115183Kb
 bounds [0x000001e3d0070000, 0x000001e3d0610000, 0x000001e3d75a0000]
CodeHeap 'profiled nmethods': size=120000Kb used=8438Kb max_used=10252Kb free=111561Kb
 bounds [0x000001e3c85a0000, 0x000001e3c8fb0000, 0x000001e3cfad0000]
CodeHeap 'non-nmethods': size=5760Kb used=1644Kb max_used=1779Kb free=4115Kb
 bounds [0x000001e3cfad0000, 0x000001e3cfd40000, 0x000001e3d0070000]
 total_blobs=5503 nmethods=4786 adapters=629
 compilation: enabled
              stopped_count=0, restarted_count=0
 full_count=0

Compilation events (20 events):
Event: 11.308 Thread 0x000001e3dfb70590 nmethod 6177 0x000001e3d0605790 code [0x000001e3d0605920, 0x000001e3d0605c78]
Event: 11.377 Thread 0x000001e3dfb71360 6178       3       java.util.stream.ReferencePipeline::makeNodeBuilder (6 bytes)
Event: 11.377 Thread 0x000001e3dfb71360 nmethod 6178 0x000001e3c8cf8d90 code [0x000001e3c8cf8f40, 0x000001e3c8cf9088]
Event: 11.377 Thread 0x000001e3dfb71360 6180       3       java.util.regex.Matcher::find (69 bytes)
Event: 11.378 Thread 0x000001e3dfb71360 nmethod 6180 0x000001e3c8fa2510 code [0x000001e3c8fa26e0, 0x000001e3c8fa29c8]
Event: 11.378 Thread 0x000001e3dfb71360 6179       3       java.util.stream.Nodes::builder (30 bytes)
Event: 11.378 Thread 0x000001e3dfb71360 nmethod 6179 0x000001e3c8fa2b10 code [0x000001e3c8fa2d00, 0x000001e3c8fa3308]
Event: 11.379 Thread 0x000001e3dfb71360 6181 %     3       org.objectweb.asm.ClassReader::accept @ 1392 (1419 bytes)
Event: 11.383 Thread 0x000001e3dfb70590 6183       4       org.objectweb.asm.SymbolTable::putBootstrapMethods (56 bytes)
Event: 11.385 Thread 0x000001e3dfb71360 nmethod 6181% 0x000001e3c8fa3510 code [0x000001e3c8fa40a0, 0x000001e3c8fab328]
Event: 11.385 Thread 0x000001e3dfb71360 6182 %     3       org.objectweb.asm.ClassWriter::toByteArray @ 865 (1535 bytes)
Event: 11.387 Thread 0x000001e3dfb70590 nmethod 6183 0x000001e3d02c1b10 code [0x000001e3d02c1ce0, 0x000001e3d02c2250]
Event: 11.389 Thread 0x000001e3dfb71360 nmethod 6182% 0x000001e3c86d8a10 code [0x000001e3c86d92e0, 0x000001e3c86dd0e8]
Event: 11.389 Thread 0x000001e3dfb71360 6184       3       org.objectweb.asm.ClassReader::accept (1419 bytes)
Event: 11.395 Thread 0x000001e3dfb71360 nmethod 6184 0x000001e3c89f2590 code [0x000001e3c89f3120, 0x000001e3c89fa2a8]
Event: 11.395 Thread 0x000001e3dfb71360 6185       3       org.objectweb.asm.ClassWriter::toByteArray (1535 bytes)
Event: 11.399 Thread 0x000001e3dfb71360 nmethod 6185 0x000001e3c8f23b90 code [0x000001e3c8f24460, 0x000001e3c8f28008]
Event: 11.431 Thread 0x000001e3dfb70590 6186       4       org.objectweb.asm.commons.ClassRemapper::visit (57 bytes)
Event: 11.458 Thread 0x000001e3dfb70590 nmethod 6186 0x000001e3d0477890 code [0x000001e3d0477b20, 0x000001e3d0479410]
Event: 11.483 Thread 0x000001e3dfb70590 6187       4       org.objectweb.asm.ClassWriter::toByteArray (1535 bytes)

GC Heap History (20 events):
Event: 9.868 GC heap before
{Heap before GC invocations=35 (full 0):
 garbage-first heap   total 218112K, used 166637K [0x0000000080000000, 0x0000000100000000)
  region size 1024K, 127 young (130048K), 7 survivors (7168K)
 Metaspace       used 44741K, committed 45312K, reserved 491520K
  class space    used 6253K, committed 6528K, reserved 425984K
}
Event: 9.871 GC heap after
{Heap after GC invocations=36 (full 0):
 garbage-first heap   total 218112K, used 44424K [0x0000000080000000, 0x0000000100000000)
  region size 1024K, 8 young (8192K), 8 survivors (8192K)
 Metaspace       used 44741K, committed 45312K, reserved 491520K
  class space    used 6253K, committed 6528K, reserved 425984K
}
Event: 10.044 GC heap before
{Heap before GC invocations=36 (full 0):
 garbage-first heap   total 218112K, used 166280K [0x0000000080000000, 0x0000000100000000)
  region size 1024K, 127 young (130048K), 8 survivors (8192K)
 Metaspace       used 44743K, committed 45312K, reserved 491520K
  class space    used 6254K, committed 6528K, reserved 425984K
}
Event: 10.048 GC heap after
{Heap after GC invocations=37 (full 0):
 garbage-first heap   total 218112K, used 44944K [0x0000000080000000, 0x0000000100000000)
  region size 1024K, 8 young (8192K), 8 survivors (8192K)
 Metaspace       used 44743K, committed 45312K, reserved 491520K
  class space    used 6254K, committed 6528K, reserved 425984K
}
Event: 10.207 GC heap before
{Heap before GC invocations=37 (full 0):
 garbage-first heap   total 218112K, used 166800K [0x0000000080000000, 0x0000000100000000)
  region size 1024K, 127 young (130048K), 8 survivors (8192K)
 Metaspace       used 44744K, committed 45312K, reserved 491520K
  class space    used 6254K, committed 6528K, reserved 425984K
}
Event: 10.211 GC heap after
{Heap after GC invocations=38 (full 0):
 garbage-first heap   total 218112K, used 45972K [0x0000000080000000, 0x0000000100000000)
  region size 1024K, 8 young (8192K), 8 survivors (8192K)
 Metaspace       used 44744K, committed 45312K, reserved 491520K
  class space    used 6254K, committed 6528K, reserved 425984K
}
Event: 10.376 GC heap before
{Heap before GC invocations=38 (full 0):
 garbage-first heap   total 218112K, used 167828K [0x0000000080000000, 0x0000000100000000)
  region size 1024K, 127 young (130048K), 8 survivors (8192K)
 Metaspace       used 44748K, committed 45312K, reserved 491520K
  class space    used 6254K, committed 6528K, reserved 425984K
}
Event: 10.379 GC heap after
{Heap after GC invocations=39 (full 0):
 garbage-first heap   total 262144K, used 47012K [0x0000000080000000, 0x0000000100000000)
  region size 1024K, 9 young (9216K), 9 survivors (9216K)
 Metaspace       used 44748K, committed 45312K, reserved 491520K
  class space    used 6254K, committed 6528K, reserved 425984K
}
Event: 10.622 GC heap before
{Heap before GC invocations=39 (full 0):
 garbage-first heap   total 262144K, used 194468K [0x0000000080000000, 0x0000000100000000)
  region size 1024K, 153 young (156672K), 9 survivors (9216K)
 Metaspace       used 44751K, committed 45312K, reserved 491520K
  class space    used 6254K, committed 6528K, reserved 425984K
}
Event: 10.625 GC heap after
{Heap after GC invocations=40 (full 0):
 garbage-first heap   total 262144K, used 47986K [0x0000000080000000, 0x0000000100000000)
  region size 1024K, 10 young (10240K), 10 survivors (10240K)
 Metaspace       used 44751K, committed 45312K, reserved 491520K
  class space    used 6254K, committed 6528K, reserved 425984K
}
Event: 10.855 GC heap before
{Heap before GC invocations=40 (full 0):
 garbage-first heap   total 262144K, used 194418K [0x0000000080000000, 0x0000000100000000)
  region size 1024K, 153 young (156672K), 10 survivors (10240K)
 Metaspace       used 44754K, committed 45376K, reserved 491520K
  class space    used 6254K, committed 6528K, reserved 425984K
}
Event: 10.859 GC heap after
{Heap after GC invocations=41 (full 0):
 garbage-first heap   total 262144K, used 48784K [0x0000000080000000, 0x0000000100000000)
  region size 1024K, 10 young (10240K), 10 survivors (10240K)
 Metaspace       used 44754K, committed 45376K, reserved 491520K
  class space    used 6254K, committed 6528K, reserved 425984K
}
Event: 11.043 GC heap before
{Heap before GC invocations=41 (full 0):
 garbage-first heap   total 262144K, used 195216K [0x0000000080000000, 0x0000000100000000)
  region size 1024K, 153 young (156672K), 10 survivors (10240K)
 Metaspace       used 44754K, committed 45376K, reserved 491520K
  class space    used 6254K, committed 6528K, reserved 425984K
}
Event: 11.047 GC heap after
{Heap after GC invocations=42 (full 0):
 garbage-first heap   total 262144K, used 49554K [0x0000000080000000, 0x0000000100000000)
  region size 1024K, 10 young (10240K), 10 survivors (10240K)
 Metaspace       used 44754K, committed 45376K, reserved 491520K
  class space    used 6254K, committed 6528K, reserved 425984K
}
Event: 11.194 GC heap before
{Heap before GC invocations=42 (full 0):
 garbage-first heap   total 262144K, used 195986K [0x0000000080000000, 0x0000000100000000)
  region size 1024K, 153 young (156672K), 10 survivors (10240K)
 Metaspace       used 44756K, committed 45376K, reserved 491520K
  class space    used 6254K, committed 6528K, reserved 425984K
}
Event: 11.198 GC heap after
{Heap after GC invocations=43 (full 0):
 garbage-first heap   total 262144K, used 50577K [0x0000000080000000, 0x0000000100000000)
  region size 1024K, 11 young (11264K), 11 survivors (11264K)
 Metaspace       used 44756K, committed 45376K, reserved 491520K
  class space    used 6254K, committed 6528K, reserved 425984K
}
Event: 11.303 GC heap before
{Heap before GC invocations=43 (full 0):
 garbage-first heap   total 262144K, used 195985K [0x0000000080000000, 0x0000000100000000)
  region size 1024K, 153 young (156672K), 11 survivors (11264K)
 Metaspace       used 44756K, committed 45376K, reserved 491520K
  class space    used 6254K, committed 6528K, reserved 425984K
}
Event: 11.306 GC heap after
{Heap after GC invocations=44 (full 0):
 garbage-first heap   total 262144K, used 51362K [0x0000000080000000, 0x0000000100000000)
  region size 1024K, 11 young (11264K), 11 survivors (11264K)
 Metaspace       used 44756K, committed 45376K, reserved 491520K
  class space    used 6254K, committed 6528K, reserved 425984K
}
Event: 11.449 GC heap before
{Heap before GC invocations=44 (full 0):
 garbage-first heap   total 262144K, used 196770K [0x0000000080000000, 0x0000000100000000)
  region size 1024K, 153 young (156672K), 11 survivors (11264K)
 Metaspace       used 44759K, committed 45376K, reserved 491520K
  class space    used 6254K, committed 6528K, reserved 425984K
}
Event: 11.454 GC heap after
{Heap after GC invocations=45 (full 0):
 garbage-first heap   total 315392K, used 52711K [0x0000000080000000, 0x0000000100000000)
  region size 1024K, 12 young (12288K), 12 survivors (12288K)
 Metaspace       used 44759K, committed 45376K, reserved 491520K
  class space    used 6254K, committed 6528K, reserved 425984K
}

Dll operation events (15 events):
Event: 0.011 Loaded shared library C:\Program Files\Java\jdk-17.0.16.8-hotspot\bin\java.dll
Event: 0.030 Loaded shared library C:\Program Files\Java\jdk-17.0.16.8-hotspot\bin\jsvml.dll
Event: 0.069 Loaded shared library C:\Program Files\Java\jdk-17.0.16.8-hotspot\bin\zip.dll
Event: 0.073 Loaded shared library C:\Program Files\Java\jdk-17.0.16.8-hotspot\bin\instrument.dll
Event: 0.077 Loaded shared library C:\Program Files\Java\jdk-17.0.16.8-hotspot\bin\net.dll
Event: 0.078 Loaded shared library C:\Program Files\Java\jdk-17.0.16.8-hotspot\bin\nio.dll
Event: 0.081 Loaded shared library C:\Program Files\Java\jdk-17.0.16.8-hotspot\bin\zip.dll
Event: 0.324 Loaded shared library C:\Program Files\Java\jdk-17.0.16.8-hotspot\bin\jimage.dll
Event: 0.549 Loaded shared library C:\Program Files\Java\jdk-17.0.16.8-hotspot\bin\verify.dll
Event: 0.590 Loaded shared library C:\Users\Hp\.gradle\native\1def1411415f61bf3af743bc5b6707747c0891f09f0c88961ee8f79bc544acac\windows-amd64\native-platform.dll
Event: 0.606 Loaded shared library C:\Users\Hp\.gradle\native\0.2.8\x86_64-windows-gnu\gradle-fileevents.dll
Event: 1.790 Loaded shared library C:\Program Files\Java\jdk-17.0.16.8-hotspot\bin\management.dll
Event: 1.792 Loaded shared library C:\Program Files\Java\jdk-17.0.16.8-hotspot\bin\management_ext.dll
Event: 2.021 Loaded shared library C:\Program Files\Java\jdk-17.0.16.8-hotspot\bin\extnet.dll
Event: 2.148 Loaded shared library C:\Program Files\Java\jdk-17.0.16.8-hotspot\bin\sunmscapi.dll

Deoptimization events (20 events):
Event: 10.274 Thread 0x000001e3804e90e0 DEOPT PACKING pc=0x000001e3d0565828 sp=0x00000038e15f6020
Event: 10.274 Thread 0x000001e3804e90e0 DEOPT UNPACKING pc=0x000001e3cfb269a3 sp=0x00000038e15f6048 mode 2
Event: 10.282 Thread 0x000001e3804e90e0 Uncommon trap: trap_request=0xffffff45 fr.pc=0x000001e3d00fbd68 relative=0x0000000000000708
Event: 10.282 Thread 0x000001e3804e90e0 Uncommon trap: reason=unstable_if action=reinterpret pc=0x000001e3d00fbd68 method=org.objectweb.asm.MethodWriter.visitVarInsn(II)V @ 20 c2
Event: 10.282 Thread 0x000001e3804e90e0 DEOPT PACKING pc=0x000001e3d00fbd68 sp=0x00000038e15f5820
Event: 10.282 Thread 0x000001e3804e90e0 DEOPT UNPACKING pc=0x000001e3cfb269a3 sp=0x00000038e15f5808 mode 2
Event: 10.441 Thread 0x000001e3804e90e0 DEOPT PACKING pc=0x000001e3c8f87d0d sp=0x00000038e15f5920
Event: 10.441 Thread 0x000001e3804e90e0 DEOPT UNPACKING pc=0x000001e3cfb27143 sp=0x00000038e15f5030 mode 0
Event: 10.549 Thread 0x000001e3804e90e0 DEOPT PACKING pc=0x000001e3c8f88605 sp=0x00000038e15f5920
Event: 10.549 Thread 0x000001e3804e90e0 DEOPT UNPACKING pc=0x000001e3cfb27143 sp=0x00000038e15f5030 mode 0
Event: 10.873 Thread 0x000001e3804e90e0 DEOPT PACKING pc=0x000001e3c8dec104 sp=0x00000038e15f5a10
Event: 10.873 Thread 0x000001e3804e90e0 DEOPT UNPACKING pc=0x000001e3cfb27143 sp=0x00000038e15f4f90 mode 0
Event: 11.378 Thread 0x000001e3804e90e0 Uncommon trap: trap_request=0xffffff45 fr.pc=0x000001e3d051157c relative=0x000000000000611c
Event: 11.378 Thread 0x000001e3804e90e0 Uncommon trap: reason=unstable_if action=reinterpret pc=0x000001e3d051157c method=org.objectweb.asm.ClassReader.accept(Lorg/objectweb/asm/ClassVisitor;[Lorg/objectweb/asm/Attribute;I)V @ 287 c2
Event: 11.378 Thread 0x000001e3804e90e0 DEOPT PACKING pc=0x000001e3d051157c sp=0x00000038e15f5f10
Event: 11.378 Thread 0x000001e3804e90e0 DEOPT UNPACKING pc=0x000001e3cfb269a3 sp=0x00000038e15f5f18 mode 2
Event: 11.378 Thread 0x000001e3804e90e0 Uncommon trap: trap_request=0xffffff45 fr.pc=0x000001e3d04ace10 relative=0x0000000000004850
Event: 11.378 Thread 0x000001e3804e90e0 Uncommon trap: reason=unstable_if action=reinterpret pc=0x000001e3d04ace10 method=org.objectweb.asm.ClassWriter.toByteArray()[B @ 439 c2
Event: 11.378 Thread 0x000001e3804e90e0 DEOPT PACKING pc=0x000001e3d04ace10 sp=0x00000038e15f5ff0
Event: 11.378 Thread 0x000001e3804e90e0 DEOPT UNPACKING pc=0x000001e3cfb269a3 sp=0x00000038e15f5fa8 mode 2

Classes loaded (20 events):
Event: 6.457 Loading class java/lang/invoke/BoundMethodHandle$Species_LLLLLLLLLLLLLLLLLLLLLLLLL
Event: 6.457 Loading class java/lang/invoke/BoundMethodHandle$Species_LLLLLLLLLLLLLLLLLLLLLLLLL done
Event: 6.458 Loading class java/lang/invoke/BoundMethodHandle$Species_LLLLLLLLLLLLLLLLLLLLLLLLLL
Event: 6.458 Loading class java/lang/invoke/BoundMethodHandle$Species_LLLLLLLLLLLLLLLLLLLLLLLLLL done
Event: 6.643 Loading class java/nio/charset/UnsupportedCharsetException
Event: 6.643 Loading class java/nio/charset/UnsupportedCharsetException done
Event: 6.646 Loading class java/util/Collections$UnmodifiableSortedMap
Event: 6.646 Loading class java/util/Collections$UnmodifiableSortedMap done
Event: 6.648 Loading class java/util/zip/Deflater
Event: 6.648 Loading class java/util/zip/Deflater done
Event: 6.649 Loading class java/util/zip/Deflater$DeflaterZStreamRef
Event: 6.649 Loading class java/util/zip/Deflater$DeflaterZStreamRef done
Event: 6.702 Loading class java/nio/StringCharBuffer
Event: 6.702 Loading class java/nio/StringCharBuffer done
Event: 8.056 Loading class jdk/internal/access/foreign/MemorySegmentProxy
Event: 8.058 Loading class jdk/internal/access/foreign/MemorySegmentProxy done
Event: 8.128 Loading class java/util/regex/Pattern$Caret
Event: 8.129 Loading class java/util/regex/Pattern$Caret done
Event: 10.116 Loading class jdk/internal/misc/ScopedMemoryAccess$Scope$Handle
Event: 10.116 Loading class jdk/internal/misc/ScopedMemoryAccess$Scope$Handle done

Classes unloaded (0 events):
No events

Classes redefined (0 events):
No events

Internal exceptions (20 events):
Event: 6.300 Thread 0x000001e3804e90e0 Exception <a 'java/lang/IncompatibleClassChangeError'{0x0000000083aaae68}: Found class java.lang.Object, but interface was expected> (0x0000000083aaae68) 
thrown [s\src\hotspot\share\interpreter\linkResolver.cpp, line 826]
Event: 6.346 Thread 0x000001e3804e90e0 Exception <a 'java/lang/NoSuchMethodError'{0x00000000836350c0}: 'void java.lang.invoke.DirectMethodHandle$Holder.invokeInterface(java.lang.Object, java.lang.Object)'> (0x00000000836350c0) 
thrown [s\src\hotspot\share\interpreter\linkResolver.cpp, line 759]
Event: 6.404 Thread 0x000001e3804e90e0 Exception <a 'sun/nio/fs/WindowsException'{0x00000000834b31f8}> (0x00000000834b31f8) 
thrown [s\src\hotspot\share\prims\jni.cpp, line 516]
Event: 6.405 Thread 0x000001e3804e90e0 Exception <a 'sun/nio/fs/WindowsException'{0x00000000834b4bf0}> (0x00000000834b4bf0) 
thrown [s\src\hotspot\share\prims\jni.cpp, line 516]
Event: 6.406 Thread 0x000001e3804e90e0 Exception <a 'sun/nio/fs/WindowsException'{0x00000000834b65d8}> (0x00000000834b65d8) 
thrown [s\src\hotspot\share\prims\jni.cpp, line 516]
Event: 6.406 Thread 0x000001e3804e90e0 Exception <a 'sun/nio/fs/WindowsException'{0x00000000834b7ba8}> (0x00000000834b7ba8) 
thrown [s\src\hotspot\share\prims\jni.cpp, line 516]
Event: 6.421 Thread 0x000001e3804e90e0 Exception <a 'java/lang/NoSuchMethodError'{0x00000000833940e0}: 'java.lang.Object java.lang.invoke.Invokers$Holder.invoker(java.lang.Object, java.lang.Object, java.lang.Object, java.lang.Object, java.lang.Object, java.lang.Object)'> (0x00000000833940e0) 
thrown [s\src\hotspot\share\interpreter\linkResolver.cpp, line 759]
Event: 6.446 Thread 0x000001e3804e90e0 Exception <a 'java/lang/NoSuchMethodError'{0x000000008fb31b28}: 'java.lang.Object java.lang.invoke.DelegatingMethodHandle$Holder.reinvoke_L(java.lang.Object, java.lang.Object, java.lang.Object, java.lang.Object, java.lang.Object, java.lang.Object, java.lang.Object, java.lang.Object, java.lang.Object, java.lang.Object, java.lang.Object, java.lang.Object, java.lang.Object, java.lang.Object, java.lang.Object, java.lang.Object, java.lang.Object, java.lang.Object, java.lang.Object, java.lang.Object, java.lang.O
Event: 6.447 Thread 0x000001e3804e90e0 Exception <a 'java/lang/NoSuchMethodError'{0x000000008fb3e380}: 'java.lang.Object java.lang.invoke.Invokers$Holder.invoker(java.lang.Object, java.lang.Object, java.lang.Object, java.lang.Object, java.lang.Object, java.lang.Object, java.lang.Object, java.lang.Object, java.lang.Object, java.lang.Object, java.lang.Object, java.lang.Object, java.lang.Object, java.lang.Object, java.lang.Object, java.lang.Object, java.lang.Object, java.lang.Object, java.lang.Object, java.lang.Object, java.lang.Object, java.lang.
Event: 6.447 Thread 0x000001e3804e90e0 Exception <a 'java/lang/NoSuchMethodError'{0x000000008fb45570}: 'java.lang.Object java.lang.invoke.DelegatingMethodHandle$Holder.delegate(java.lang.Object, java.lang.Object, java.lang.Object, java.lang.Object, java.lang.Object, java.lang.Object, java.lang.Object, java.lang.Object, java.lang.Object, java.lang.Object, java.lang.Object, java.lang.Object, java.lang.Object, java.lang.Object, java.lang.Object, java.lang.Object, java.lang.Object, java.lang.Object, java.lang.Object, java.lang.Object, java.lang.Obj
Event: 6.456 Thread 0x000001e3804e90e0 Exception <a 'java/lang/NoSuchMethodError'{0x0000000089419190}: 'java.lang.Object java.lang.invoke.DirectMethodHandle$Holder.invokeStatic(java.lang.Object, java.lang.Object, java.lang.Object, java.lang.Object, java.lang.Object, java.lang.Object, java.lang.Object, java.lang.Object, java.lang.Object, java.lang.Object, java.lang.Object, java.lang.Object, java.lang.Object, java.lang.Object, java.lang.Object, java.lang.Object, java.lang.Object, java.lang.Object, java.lang.Object, java.lang.Object, java.lang.Obj
Event: 6.458 Thread 0x000001e3804e90e0 Exception <a 'java/lang/NoSuchMethodError'{0x000000008944dd18}: 'java.lang.Object java.lang.invoke.DirectMethodHandle$Holder.invokeStatic(java.lang.Object, java.lang.Object, java.lang.Object, java.lang.Object, java.lang.Object, java.lang.Object, java.lang.Object, java.lang.Object, java.lang.Object, java.lang.Object, java.lang.Object, java.lang.Object, java.lang.Object, java.lang.Object, java.lang.Object, java.lang.Object, java.lang.Object, java.lang.Object, java.lang.Object, java.lang.Object, java.lang.Obj
Event: 6.459 Thread 0x000001e3804e90e0 Exception <a 'java/lang/NoSuchMethodError'{0x00000000894856c0}: 'java.lang.Object java.lang.invoke.DirectMethodHandle$Holder.invokeStatic(java.lang.Object, java.lang.Object, java.lang.Object, java.lang.Object, java.lang.Object, java.lang.Object, java.lang.Object, java.lang.Object, java.lang.Object, java.lang.Object, java.lang.Object, java.lang.Object, java.lang.Object, java.lang.Object, java.lang.Object, java.lang.Object, java.lang.Object, java.lang.Object, java.lang.Object, java.lang.Object, java.lang.Obj
Event: 6.502 Thread 0x000001e3804e90e0 Exception <a 'java/lang/NoSuchMethodError'{0x00000000892c6470}: 'java.lang.Object java.lang.invoke.DirectMethodHandle$Holder.invokeStatic(java.lang.Object, java.lang.Object, java.lang.Object, java.lang.Object, java.lang.Object, java.lang.Object, int, java.lang.Object)'> (0x00000000892c6470) 
thrown [s\src\hotspot\share\interpreter\linkResolver.cpp, line 759]
Event: 6.502 Thread 0x000001e3804e90e0 Exception <a 'java/lang/NoSuchMethodError'{0x00000000892d15f0}: 'java.lang.Object java.lang.invoke.DirectMethodHandle$Holder.newInvokeSpecial(java.lang.Object, java.lang.Object, java.lang.Object, java.lang.Object, java.lang.Object, java.lang.Object, int)'> (0x00000000892d15f0) 
thrown [s\src\hotspot\share\interpreter\linkResolver.cpp, line 759]
Event: 6.503 Thread 0x000001e3804e90e0 Exception <a 'java/lang/NoSuchMethodError'{0x00000000892d6f88}: 'java.lang.Object java.lang.invoke.DirectMethodHandle$Holder.invokeSpecial(java.lang.Object, java.lang.Object, java.lang.Object, java.lang.Object, java.lang.Object, java.lang.Object, java.lang.Object, int)'> (0x00000000892d6f88) 
thrown [s\src\hotspot\share\interpreter\linkResolver.cpp, line 759]
Event: 6.503 Thread 0x000001e3804e90e0 Exception <a 'java/lang/NoSuchMethodError'{0x00000000892dc168}: 'java.lang.Object java.lang.invoke.Invokers$Holder.linkToTargetMethod(java.lang.Object, java.lang.Object, java.lang.Object, java.lang.Object, java.lang.Object, int, java.lang.Object)'> (0x00000000892dc168) 
thrown [s\src\hotspot\share\interpreter\linkResolver.cpp, line 759]
Event: 6.629 Thread 0x000001e3804e90e0 Exception <a 'sun/nio/fs/WindowsException'{0x00000000894783a8}> (0x00000000894783a8) 
thrown [s\src\hotspot\share\prims\jni.cpp, line 516]
Event: 6.629 Thread 0x000001e3804e90e0 Exception <a 'sun/nio/fs/WindowsException'{0x0000000089479e98}> (0x0000000089479e98) 
thrown [s\src\hotspot\share\prims\jni.cpp, line 516]
Event: 8.996 Thread 0x000001e3804e90e0 Implicit null exception at 0x000001e3d04b41cf to 0x000001e3d04b5150

VM Operations (20 events):
Event: 10.376 Executing VM operation: G1CollectForAllocation
Event: 10.379 Executing VM operation: G1CollectForAllocation done
Event: 10.622 Executing VM operation: G1CollectForAllocation
Event: 10.626 Executing VM operation: G1CollectForAllocation done
Event: 10.810 Executing VM operation: HandshakeAllThreads
Event: 10.810 Executing VM operation: HandshakeAllThreads done
Event: 10.855 Executing VM operation: G1CollectForAllocation
Event: 10.859 Executing VM operation: G1CollectForAllocation done
Event: 11.043 Executing VM operation: G1CollectForAllocation
Event: 11.047 Executing VM operation: G1CollectForAllocation done
Event: 11.194 Executing VM operation: G1CollectForAllocation
Event: 11.198 Executing VM operation: G1CollectForAllocation done
Event: 11.303 Executing VM operation: G1CollectForAllocation
Event: 11.307 Executing VM operation: G1CollectForAllocation done
Event: 11.378 Executing VM operation: HandshakeAllThreads
Event: 11.378 Executing VM operation: HandshakeAllThreads done
Event: 11.387 Executing VM operation: HandshakeAllThreads
Event: 11.387 Executing VM operation: HandshakeAllThreads done
Event: 11.449 Executing VM operation: G1CollectForAllocation
Event: 11.454 Executing VM operation: G1CollectForAllocation done

Memory protections (0 events):
No events

Nmethod flushes (20 events):
Event: 11.394 Thread 0x000001e3dfb71c70 flushing  nmethod 0x000001e3c8f2d910
Event: 11.394 Thread 0x000001e3dfb71c70 flushing  nmethod 0x000001e3c8f2e210
Event: 11.394 Thread 0x000001e3dfb71c70 flushing  nmethod 0x000001e3c8f34b90
Event: 11.394 Thread 0x000001e3dfb71c70 flushing  nmethod 0x000001e3c8f35490
Event: 11.394 Thread 0x000001e3dfb71c70 flushing  nmethod 0x000001e3c8f35b90
Event: 11.394 Thread 0x000001e3dfb71c70 flushing  nmethod 0x000001e3c8f37490
Event: 11.394 Thread 0x000001e3dfb71c70 flushing  nmethod 0x000001e3c8f3d090
Event: 11.394 Thread 0x000001e3dfb71c70 flushing  nmethod 0x000001e3c8f44210
Event: 11.394 Thread 0x000001e3dfb71c70 flushing  nmethod 0x000001e3c8f4f590
Event: 11.394 Thread 0x000001e3dfb71c70 flushing  nmethod 0x000001e3c8f55290
Event: 11.394 Thread 0x000001e3dfb71c70 flushing  nmethod 0x000001e3c8f55b90
Event: 11.394 Thread 0x000001e3dfb71c70 flushing  nmethod 0x000001e3c8f56410
Event: 11.394 Thread 0x000001e3dfb71c70 flushing  nmethod 0x000001e3c8f57890
Event: 11.394 Thread 0x000001e3dfb71c70 flushing  nmethod 0x000001e3c8f57d10
Event: 11.394 Thread 0x000001e3dfb71c70 flushing  nmethod 0x000001e3c8f61a10
Event: 11.394 Thread 0x000001e3dfb71c70 flushing  nmethod 0x000001e3c8f64610
Event: 11.394 Thread 0x000001e3dfb71c70 flushing  nmethod 0x000001e3c8f6bc10
Event: 11.394 Thread 0x000001e3dfb71c70 flushing  nmethod 0x000001e3c8f72910
Event: 11.394 Thread 0x000001e3dfb71c70 flushing  nmethod 0x000001e3c8f72d10
Event: 11.394 Thread 0x000001e3dfb71c70 flushing  nmethod 0x000001e3c8f92f90

Events (20 events):
Event: 2.220 Thread 0x000001e3804e90e0 Thread added: 0x000001e3804e86c0
Event: 2.228 Thread 0x000001e3804e90e0 Thread added: 0x000001e3804eaf40
Event: 2.543 Thread 0x000001e3804e90e0 Thread added: 0x000001e3804ea010
Event: 2.548 Thread 0x000001e3804e90e0 Thread added: 0x000001e3804e9b00
Event: 2.591 Thread 0x000001e3804e90e0 Thread added: 0x000001e3804eb960
Event: 3.691 Thread 0x000001e3804e90e0 Thread added: 0x000001e3804eaa30
Event: 3.705 Thread 0x000001e3804e90e0 Thread added: 0x000001e3804ea520
Event: 4.014 Thread 0x000001e3804e90e0 Thread added: 0x000001e3804e81b0
Event: 4.022 Thread 0x000001e3804e90e0 Thread added: 0x000001e3822dbec0
Event: 4.195 Thread 0x000001e3804e90e0 Thread added: 0x000001e3822db4a0
Event: 4.215 Thread 0x000001e380d12690 Thread exited: 0x000001e380d12690
Event: 4.234 Thread 0x000001e3804e90e0 Thread added: 0x000001e3822da060
Event: 4.330 Thread 0x000001e3dfb71360 Thread added: 0x000001e380d15660
Event: 4.470 Thread 0x000001e3804e90e0 Thread added: 0x000001e3822dcdf0
Event: 4.526 Thread 0x000001e3804e90e0 Thread added: 0x000001e3822dc3d0
Event: 4.724 Thread 0x000001e3dfb71360 Thread added: 0x000001e380d14120
Event: 6.012 Thread 0x000001e3804e90e0 Thread added: 0x000001e3822dd300
Event: 6.390 Thread 0x000001e3804e90e0 Thread added: 0x000001e3822de230
Event: 10.766 Thread 0x000001e380d14120 Thread exited: 0x000001e380d14120
Event: 10.877 Thread 0x000001e380d15660 Thread exited: 0x000001e380d15660


Dynamic libraries:
0x00007ff704930000 - 0x00007ff70493e000 	C:\Program Files\Java\jdk-17.0.16.8-hotspot\bin\java.exe
0x00007fff07e40000 - 0x00007fff080a8000 	C:\WINDOWS\SYSTEM32\ntdll.dll
0x00007fff07220000 - 0x00007fff072e9000 	C:\WINDOWS\System32\KERNEL32.DLL
0x00007fff053e0000 - 0x00007fff057d8000 	C:\WINDOWS\System32\KERNELBASE.dll
0x00007fff05a90000 - 0x00007fff05bdb000 	C:\WINDOWS\System32\ucrtbase.dll
0x00007ffee0790000 - 0x00007ffee07ae000 	C:\Program Files\Java\jdk-17.0.16.8-hotspot\bin\VCRUNTIME140.dll
0x00007ffee0770000 - 0x00007ffee0787000 	C:\Program Files\Java\jdk-17.0.16.8-hotspot\bin\jli.dll
0x00007fff06fe0000 - 0x00007fff071a7000 	C:\WINDOWS\System32\USER32.dll
0x00007fff05280000 - 0x00007fff052a7000 	C:\WINDOWS\System32\win32u.dll
0x00007ffee1040000 - 0x00007ffee12d4000 	C:\WINDOWS\WinSxS\amd64_microsoft.windows.common-controls_6595b64144ccf1df_6.0.26100.7019_none_3e06ffa0e335b8a8\COMCTL32.dll
0x00007fff069c0000 - 0x00007fff069eb000 	C:\WINDOWS\System32\GDI32.dll
0x00007fff060b0000 - 0x00007fff06159000 	C:\WINDOWS\System32\msvcrt.dll
0x00007fff052b0000 - 0x00007fff053dc000 	C:\WINDOWS\System32\gdi32full.dll
0x00007fff05050000 - 0x00007fff050f3000 	C:\WINDOWS\System32\msvcp_win.dll
0x00007fff07890000 - 0x00007fff078c1000 	C:\WINDOWS\System32\IMM32.DLL
0x00007ffee0a50000 - 0x00007ffee0a5c000 	C:\Program Files\Java\jdk-17.0.16.8-hotspot\bin\vcruntime140_1.dll
0x00007ffebad90000 - 0x00007ffebae1d000 	C:\Program Files\Java\jdk-17.0.16.8-hotspot\bin\msvcp140.dll
0x00007ffe20820000 - 0x00007ffe2148b000 	C:\Program Files\Java\jdk-17.0.16.8-hotspot\bin\server\jvm.dll
0x00007fff07d40000 - 0x00007fff07df4000 	C:\WINDOWS\System32\ADVAPI32.dll
0x00007fff06a90000 - 0x00007fff06b36000 	C:\WINDOWS\System32\sechost.dll
0x00007fff05be0000 - 0x00007fff05cf8000 	C:\WINDOWS\System32\RPCRT4.dll
0x00007fff072f0000 - 0x00007fff07364000 	C:\WINDOWS\System32\WS2_32.dll
0x00007ffeef610000 - 0x00007ffeef645000 	C:\WINDOWS\SYSTEM32\WINMM.dll
0x00007fff04120000 - 0x00007fff0417e000 	C:\WINDOWS\SYSTEM32\POWRPROF.dll
0x00007ffef9650000 - 0x00007ffef965b000 	C:\WINDOWS\SYSTEM32\VERSION.dll
0x00007fff04080000 - 0x00007fff04094000 	C:\WINDOWS\SYSTEM32\UMPDC.dll
0x00007fff03dc0000 - 0x00007fff03ddb000 	C:\WINDOWS\SYSTEM32\kernel.appcore.dll
0x00007ffee0760000 - 0x00007ffee076a000 	C:\Program Files\Java\jdk-17.0.16.8-hotspot\bin\jimage.dll
0x00007fff02870000 - 0x00007fff02ab2000 	C:\WINDOWS\SYSTEM32\DBGHELP.DLL
0x00007fff07370000 - 0x00007fff076fb000 	C:\WINDOWS\System32\combase.dll
0x00007fff06160000 - 0x00007fff06237000 	C:\WINDOWS\System32\OLEAUT32.dll
0x00007ffecf950000 - 0x00007ffecf98c000 	C:\WINDOWS\SYSTEM32\dbgcore.DLL
0x00007fff059e0000 - 0x00007fff05a85000 	C:\WINDOWS\System32\bcryptPrimitives.dll
0x00007ffebabf0000 - 0x00007ffebabfe000 	C:\Program Files\Java\jdk-17.0.16.8-hotspot\bin\instrument.dll
0x00007ffee0420000 - 0x00007ffee0445000 	C:\Program Files\Java\jdk-17.0.16.8-hotspot\bin\java.dll
0x00007ffeba960000 - 0x00007ffebaa37000 	C:\Program Files\Java\jdk-17.0.16.8-hotspot\bin\jsvml.dll
0x00007fff06260000 - 0x00007fff069b1000 	C:\WINDOWS\System32\SHELL32.dll
0x00007fff05870000 - 0x00007fff059db000 	C:\WINDOWS\System32\wintypes.dll
0x00007fff02bb0000 - 0x00007fff0340d000 	C:\WINDOWS\SYSTEM32\windows.storage.dll
0x00007fff07790000 - 0x00007fff07882000 	C:\WINDOWS\System32\SHCORE.dll
0x00007fff06a20000 - 0x00007fff06a87000 	C:\WINDOWS\System32\shlwapi.dll
0x00007fff04eb0000 - 0x00007fff04ed9000 	C:\WINDOWS\SYSTEM32\profapi.dll
0x00007ffebac60000 - 0x00007ffebac78000 	C:\Program Files\Java\jdk-17.0.16.8-hotspot\bin\zip.dll
0x00007ffee0740000 - 0x00007ffee0759000 	C:\Program Files\Java\jdk-17.0.16.8-hotspot\bin\net.dll
0x00007ffefb1a0000 - 0x00007ffefb2c8000 	C:\WINDOWS\SYSTEM32\WINHTTP.dll
0x00007fff043e0000 - 0x00007fff0444b000 	C:\WINDOWS\system32\mswsock.dll
0x00007ffecfac0000 - 0x00007ffecfad6000 	C:\Program Files\Java\jdk-17.0.16.8-hotspot\bin\nio.dll
0x00007ffebac50000 - 0x00007ffebac60000 	C:\Program Files\Java\jdk-17.0.16.8-hotspot\bin\verify.dll
0x00007ffebac20000 - 0x00007ffebac47000 	C:\Users\Hp\.gradle\native\1def1411415f61bf3af743bc5b6707747c0891f09f0c88961ee8f79bc544acac\windows-amd64\native-platform.dll
0x00007ffea37c0000 - 0x00007ffea3837000 	C:\Users\Hp\.gradle\native\0.2.8\x86_64-windows-gnu\gradle-fileevents.dll
0x00007ffedcfa0000 - 0x00007ffedcfaa000 	C:\Program Files\Java\jdk-17.0.16.8-hotspot\bin\management.dll
0x00007ffecfab0000 - 0x00007ffecfabb000 	C:\Program Files\Java\jdk-17.0.16.8-hotspot\bin\management_ext.dll
0x00007fff07210000 - 0x00007fff07218000 	C:\WINDOWS\System32\PSAPI.DLL
0x00007fff03890000 - 0x00007fff038c4000 	C:\WINDOWS\SYSTEM32\IPHLPAPI.DLL
0x00007fff07950000 - 0x00007fff0795a000 	C:\WINDOWS\System32\NSI.dll
0x00007ffefc2b0000 - 0x00007ffefc2ce000 	C:\WINDOWS\SYSTEM32\dhcpcsvc6.DLL
0x00007ffefc280000 - 0x00007ffefc2a3000 	C:\WINDOWS\SYSTEM32\dhcpcsvc.DLL
0x00007fff038d0000 - 0x00007fff039fc000 	C:\WINDOWS\SYSTEM32\DNSAPI.dll
0x00007ffebac00000 - 0x00007ffebac09000 	C:\Program Files\Java\jdk-17.0.16.8-hotspot\bin\extnet.dll
0x00007fff046a0000 - 0x00007fff046bb000 	C:\WINDOWS\SYSTEM32\CRYPTSP.dll
0x00007fff03d20000 - 0x00007fff03d5a000 	C:\WINDOWS\system32\rsaenh.dll
0x00007fff04490000 - 0x00007fff044bb000 	C:\WINDOWS\SYSTEM32\USERENV.dll
0x00007fff04e80000 - 0x00007fff04eaa000 	C:\WINDOWS\SYSTEM32\bcrypt.dll
0x00007fff046c0000 - 0x00007fff046cc000 	C:\WINDOWS\SYSTEM32\CRYPTBASE.dll
0x00007ffebabe0000 - 0x00007ffebabee000 	C:\Program Files\Java\jdk-17.0.16.8-hotspot\bin\sunmscapi.dll
0x00007fff05100000 - 0x00007fff05277000 	C:\WINDOWS\System32\CRYPT32.dll
0x00007fff048c0000 - 0x00007fff048f0000 	C:\WINDOWS\SYSTEM32\ncrypt.dll
0x00007fff04870000 - 0x00007fff048af000 	C:\WINDOWS\SYSTEM32\NTASN1.dll
0x00007ffed4670000 - 0x00007ffed4678000 	C:\WINDOWS\system32\wshunix.dll

dbghelp: loaded successfully - version: 4.0.5 - missing functions: none
symbol engine: initialized successfully - sym options: 0x614 - pdb path: .;C:\Program Files\Java\jdk-17.0.16.8-hotspot\bin;C:\WINDOWS\SYSTEM32;C:\WINDOWS\WinSxS\amd64_microsoft.windows.common-controls_6595b64144ccf1df_6.0.26100.7019_none_3e06ffa0e335b8a8;C:\Program Files\Java\jdk-17.0.16.8-hotspot\bin\server;C:\Users\Hp\.gradle\native\1def1411415f61bf3af743bc5b6707747c0891f09f0c88961ee8f79bc544acac\windows-amd64;C:\Users\Hp\.gradle\native\0.2.8\x86_64-windows-gnu

VM Arguments:
jvm_args: --add-opens=java.base/java.lang=ALL-UNNAMED --add-opens=java.base/java.lang.invoke=ALL-UNNAMED --add-opens=java.base/java.util=ALL-UNNAMED --add-opens=java.prefs/java.util.prefs=ALL-UNNAMED --add-exports=jdk.compiler/com.sun.tools.javac.api=ALL-UNNAMED --add-exports=jdk.compiler/com.sun.tools.javac.util=ALL-UNNAMED --add-opens=java.base/java.util=ALL-UNNAMED --add-opens=java.prefs/java.util.prefs=ALL-UNNAMED --add-opens=java.base/java.nio.charset=ALL-UNNAMED --add-opens=java.base/java.net=ALL-UNNAMED --add-opens=java.base/java.util.concurrent=ALL-UNNAMED --add-opens=java.base/java.util.concurrent.atomic=ALL-UNNAMED --add-opens=java.xml/javax.xml.namespace=ALL-UNNAMED -XX:MaxMetaspaceSize=512m -Xmx2048m -Dfile.encoding=windows-1252 -Duser.country=IN -Duser.language=en -Duser.variant -javaagent:C:\Users\Hp\.gradle\wrapper\dists\gradle-9.0.0-bin\d6wjpkvcgsg3oed0qlfss3wgl\gradle-9.0.0\lib\agents\gradle-instrumentation-agent-9.0.0.jar 
java_command: org.gradle.launcher.daemon.bootstrap.GradleDaemon 9.0.0
java_class_path (initial): C:\Users\Hp\.gradle\wrapper\dists\gradle-9.0.0-bin\d6wjpkvcgsg3oed0qlfss3wgl\gradle-9.0.0\lib\gradle-daemon-main-9.0.0.jar
Launcher Type: SUN_STANDARD

[Global flags]
     intx CICompilerCount                          = 4                                         {product} {ergonomic}
   size_t CompressedClassSpaceSize                 = 436207616                                 {product} {ergonomic}
     uint ConcGCThreads                            = 3                                         {product} {ergonomic}
     uint G1ConcRefinementThreads                  = 10                                        {product} {ergonomic}
   size_t G1HeapRegionSize                         = 1048576                                   {product} {ergonomic}
    uintx GCDrainStackTargetSize                   = 64                                        {product} {ergonomic}
   size_t InitialHeapSize                          = 264241152                                 {product} {ergonomic}
   size_t MarkStackSize                            = 4194304                                   {product} {ergonomic}
   size_t MaxHeapSize                              = 2147483648                                {product} {command line}
   size_t MaxMetaspaceSize                         = 536870912                                 {product} {command line}
   size_t MaxNewSize                               = 1287651328                                {product} {ergonomic}
   size_t MinHeapDeltaBytes                        = 1048576                                   {product} {ergonomic}
   size_t MinHeapSize                              = 8388608                                   {product} {ergonomic}
    uintx NonNMethodCodeHeapSize                   = 5839372                                {pd product} {ergonomic}
    uintx NonProfiledCodeHeapSize                  = 122909434                              {pd product} {ergonomic}
    uintx ProfiledCodeHeapSize                     = 122909434                              {pd product} {ergonomic}
    uintx ReservedCodeCacheSize                    = 251658240                              {pd product} {ergonomic}
     bool SegmentedCodeCache                       = true                                      {product} {ergonomic}
   size_t SoftMaxHeapSize                          = 2147483648                             {manageable} {ergonomic}
     bool UseCompressedClassPointers               = true                           {product lp64_product} {ergonomic}
     bool UseCompressedOops                        = true                           {product lp64_product} {ergonomic}
     bool UseG1GC                                  = true                                      {product} {ergonomic}
     bool UseLargePagesIndividualAllocation        = false                                  {pd product} {ergonomic}

Logging:
Log output configuration:
 #0: stdout all=warning uptime,level,tags
 #1: stderr all=off uptime,level,tags

Environment Variables:
JAVA_HOME=C:\Program Files\Java\jdk-17.0.16.8-hotspot
PATH=C:\Desktop\Project\Event\GHCI_mobile\client\node_modules\.bin;C:\Desktop\Project\Event\GHCI_mobile\node_modules\.bin;C:\Desktop\Project\Event\node_modules\.bin;C:\Desktop\Project\node_modules\.bin;C:\Desktop\node_modules\.bin;C:\node_modules\.bin;C:\Users\Hp\AppData\Roaming\npm\node_modules\npm\node_modules\@npmcli\run-script\lib\node-gyp-bin;C:\Program Files\PowerShell\7;C:\Program Files\Eclipse Adoptium\jdk-8.0.472.8-hotspot\bin;C:\Program Files\Java\jdk-17.0.16.8-hotspot\bin;C:\Program Files\PowerShell\7\;C:\Users\Hp\.cargo\bin;C:\Users\Hp\AppData\Local\Programs\Python\Python310\Scripts\;C:\Users\Hp\AppData\Local\Programs\Python\Python310\;C:\Program Files\PowerShell\7;C:\Program Files\Microsoft\jdk-17.0.14.7-hotspot;C:\windows\system32;C:\windows;C:\windows\System32\Wbem;C:\windows\System32\WindowsPowerShell\v1.0\;C:\windows\System32\OpenSSH\;C:\Program Files (x86)\NVIDIA Corporation\PhysX\Common;C:\Program Files\NVIDIA Corporation\NVIDIA NvDLISR;C:\Users\Administrator\AppData\Local\Microsoft\WindowsApps;C:\Program Files\HP\OMEN-Broadcast\Common;C:\Program Files\HP\HP One Agent;C:\Program Files\Git\cmd;C:\WINDOWS\system32;C:\WINDOWS;C:\WINDOWS\System32\Wbem;C:\WINDOWS\System32\WindowsPowerShell\v1.0\;C:\WINDOWS\System32\OpenSSH\;C:\ProgramData\chocolatey\bin;C:\Android\Sdk\platform-tools;C:\Android\Sdk\tools;C:\Android\Sdk\tools\bin;C:\Android\Sdk\platform-tools;C:\Android\Sdk\emulator;C:\Android\Sdk\tools;C:\Android\Sdk\tools\bin;C:\Program Files\PowerShell\7\;C:\Program Files\MySQL\MySQL Shell 8.0\bin\;C:\Users\Hp\AppData\Local\Programs\Python\Python313\Scripts\;C:\Users\Hp\AppData\Local\Programs\Python\Python313\;C:\Users\Hp\AppData\Local\Microsoft\WindowsApps;C:\Users\Hp\AppData\Local\Programs\Microsoft VS Code\bin;C:\MinGW\bin;C:\Users\Hp\AppData\Roaming\npm;C:\Platform-tools\platform-tools-latest-windows\platform-tools;C:\Users\Hp\AppData\Local\Android\Sdk;C:\Users\Hp\AppData\Local\Android\Sdk\cmdline-tools\latest\bin;C:\Users\Hp\AppData\Local\Android\Sdk\platform-tools;C:\Users\Hp\AppData\Local\Android\Sdk\build-tools\35.0.0;C:\Users\Hp\AppData\Local\Android\Sdk\platform-tools;C:\Users\Hp\AppData\Local\Android\Sdk\build-tools\35.0.0;C:\Users\Hp\AppData\Roaming\nvm;C:\Program Files\nodejs;
USERNAME=Hp
LANG=en_US.UTF-8
OS=Windows_NT
PROCESSOR_IDENTIFIER=Intel64 Family 6 Model 154 Stepping 3, GenuineIntel
TMP=C:\Users\Hp\AppData\Local\Temp
TEMP=C:\Users\Hp\AppData\Local\Temp



Periodic native trim disabled


---------------  S Y S T E M  ---------------

OS:
 Windows 11 , 64 bit Build 26100 (10.0.26100.7019)
OS uptime: 1 days 0:24 hours
Hyper-V role detected

CPU: total 12 (initial active 12) (6 cores per cpu, 2 threads per core) family 6 model 154 stepping 3 microcode 0x434, cx8, cmov, fxsr, ht, mmx, 3dnowpref, sse, sse2, sse3, ssse3, sse4.1, sse4.2, popcnt, lzcnt, tsc, tscinvbit, avx, avx2, aes, erms, clmul, bmi1, bmi2, adx, sha, fma, vzeroupper, clflush, clflushopt, clwb, hv
Processor Information for processor 0
  Max Mhz: 2000, Current Mhz: 2000, Mhz Limit: 2000
Processor Information for processor 1
  Max Mhz: 2000, Current Mhz: 2000, Mhz Limit: 2000
Processor Information for processor 2
  Max Mhz: 2000, Current Mhz: 2000, Mhz Limit: 2000
Processor Information for processor 3
  Max Mhz: 2000, Current Mhz: 2000, Mhz Limit: 2000
Processor Information for processor 4
  Max Mhz: 2000, Current Mhz: 2000, Mhz Limit: 2000
Processor Information for processor 5
  Max Mhz: 2000, Current Mhz: 2000, Mhz Limit: 2000
Processor Information for processor 6
  Max Mhz: 2000, Current Mhz: 2000, Mhz Limit: 2000
Processor Information for processor 7
  Max Mhz: 2000, Current Mhz: 2000, Mhz Limit: 2000
Processor Information for processor 8
  Max Mhz: 2000, Current Mhz: 2000, Mhz Limit: 2000
Processor Information for processor 9
  Max Mhz: 2000, Current Mhz: 1466, Mhz Limit: 2000
Processor Information for processor 10
  Max Mhz: 2000, Current Mhz: 2000, Mhz Limit: 2000
Processor Information for processor 11
  Max Mhz: 2000, Current Mhz: 2000, Mhz Limit: 2000

Memory: 4k page, system-wide physical 16024M (538M free)
TotalPageFile size 25778M (AvailPageFile size 3M)
current process WorkingSet (physical memory assigned to process): 506M, peak: 506M
current process commit charge ("private bytes"): 555M, peak: 556M

vm_info: OpenJDK 64-Bit Server VM (17.0.16+8) for windows-amd64 JRE (17.0.16+8), built on Jul 16 2025 10:37:56 by "admin" with MS VC++ 17.7 (VS2022)

END.
